{"/Users/gracenjoki/projects/shoppinglistReact/components/auth/login.js":{"path":"/Users/gracenjoki/projects/shoppinglistReact/components/auth/login.js","statementMap":{"0":{"start":{"line":3,"column":0},"end":{"line":5,"column":3}},"1":{"start":{"line":7,"column":19},"end":{"line":7,"column":563}},"2":{"start":{"line":7,"column":76},"end":{"line":7,"column":347}},"3":{"start":{"line":7,"column":134},"end":{"line":7,"column":142}},"4":{"start":{"line":7,"column":144},"end":{"line":7,"column":199}},"5":{"start":{"line":7,"column":200},"end":{"line":7,"column":231}},"6":{"start":{"line":7,"column":232},"end":{"line":7,"column":286}},"7":{"start":{"line":7,"column":259},"end":{"line":7,"column":286}},"8":{"start":{"line":7,"column":287},"end":{"line":7,"column":345}},"9":{"start":{"line":7,"column":350},"end":{"line":7,"column":559}},"10":{"start":{"line":7,"column":407},"end":{"line":7,"column":475}},"11":{"start":{"line":7,"column":423},"end":{"line":7,"column":475}},"12":{"start":{"line":7,"column":476},"end":{"line":7,"column":536}},"13":{"start":{"line":7,"column":493},"end":{"line":7,"column":536}},"14":{"start":{"line":7,"column":537},"end":{"line":7,"column":556}},"15":{"start":{"line":9,"column":13},"end":{"line":9,"column":29}},"16":{"start":{"line":11,"column":14},"end":{"line":11,"column":44}},"17":{"start":{"line":13,"column":18},"end":{"line":13,"column":51}},"18":{"start":{"line":15,"column":19},"end":{"line":15,"column":54}},"19":{"start":{"line":17,"column":18},"end":{"line":17,"column":40}},"20":{"start":{"line":19,"column":19},"end":{"line":19,"column":54}},"21":{"start":{"line":21,"column":17},"end":{"line":21,"column":49}},"22":{"start":{"line":23,"column":18},"end":{"line":23,"column":52}},"23":{"start":{"line":25,"column":14},"end":{"line":25,"column":43}},"24":{"start":{"line":27,"column":15},"end":{"line":27,"column":46}},"25":{"start":{"line":29,"column":13},"end":{"line":29,"column":29}},"26":{"start":{"line":31,"column":14},"end":{"line":31,"column":44}},"27":{"start":{"line":33,"column":22},"end":{"line":33,"column":49}},"28":{"start":{"line":35,"column":15},"end":{"line":35,"column":39}},"29":{"start":{"line":37,"column":39},"end":{"line":37,"column":93}},"30":{"start":{"line":39,"column":44},"end":{"line":39,"column":195}},"31":{"start":{"line":39,"column":62},"end":{"line":39,"column":166}},"32":{"start":{"line":39,"column":176},"end":{"line":39,"column":193}},"33":{"start":{"line":39,"column":196},"end":{"line":39,"column":207}},"34":{"start":{"line":41,"column":50},"end":{"line":41,"column":151}},"35":{"start":{"line":41,"column":92},"end":{"line":41,"column":149}},"36":{"start":{"line":43,"column":50},"end":{"line":43,"column":151}},"37":{"start":{"line":43,"column":63},"end":{"line":43,"column":149}},"38":{"start":{"line":43,"column":152},"end":{"line":43,"column":238}},"39":{"start":{"line":45,"column":43},"end":{"line":45,"column":208}},"40":{"start":{"line":45,"column":106},"end":{"line":45,"column":206}},"41":{"start":{"line":45,"column":209},"end":{"line":45,"column":373}},"42":{"start":{"line":45,"column":374},"end":{"line":45,"column":492}},"43":{"start":{"line":45,"column":390},"end":{"line":45,"column":492}},"44":{"start":{"line":47,"column":12},"end":{"line":176,"column":28}},"45":{"start":{"line":48,"column":2},"end":{"line":48,"column":37}},"46":{"start":{"line":51,"column":4},"end":{"line":51,"column":33}},"47":{"start":{"line":53,"column":16},"end":{"line":53,"column":117}},"48":{"start":{"line":55,"column":4},"end":{"line":60,"column":6}},"49":{"start":{"line":62,"column":4},"end":{"line":62,"column":56}},"50":{"start":{"line":63,"column":4},"end":{"line":63,"column":56}},"51":{"start":{"line":64,"column":4},"end":{"line":64,"column":50}},"52":{"start":{"line":65,"column":4},"end":{"line":65,"column":17}},"53":{"start":{"line":71,"column":2},"end":{"line":173,"column":6}},"54":{"start":{"line":74,"column":6},"end":{"line":74,"column":80}},"55":{"start":{"line":82,"column":6},"end":{"line":84,"column":9}},"56":{"start":{"line":92,"column":19},"end":{"line":92,"column":23}},"57":{"start":{"line":94,"column":6},"end":{"line":111,"column":9}},"58":{"start":{"line":99,"column":20},"end":{"line":99,"column":46}},"59":{"start":{"line":100,"column":8},"end":{"line":100,"column":45}},"60":{"start":{"line":101,"column":17},"end":{"line":101,"column":38}},"61":{"start":{"line":102,"column":8},"end":{"line":102,"column":39}},"62":{"start":{"line":103,"column":23},"end":{"line":103,"column":45}},"63":{"start":{"line":104,"column":8},"end":{"line":104,"column":51}},"64":{"start":{"line":105,"column":8},"end":{"line":107,"column":11}},"65":{"start":{"line":108,"column":8},"end":{"line":108,"column":68}},"66":{"start":{"line":110,"column":8},"end":{"line":110,"column":54}},"67":{"start":{"line":116,"column":19},"end":{"line":116,"column":23}},"68":{"start":{"line":118,"column":6},"end":{"line":120,"column":7}},"69":{"start":{"line":119,"column":8},"end":{"line":119,"column":97}},"70":{"start":{"line":122,"column":6},"end":{"line":171,"column":8}},"71":{"start":{"line":126,"column":12},"end":{"line":126,"column":34}},"72":{"start":{"line":175,"column":2},"end":{"line":175,"column":15}},"73":{"start":{"line":178,"column":0},"end":{"line":178,"column":24}}},"fnMap":{"0":{"name":"(anonymous_0)","decl":{"start":{"line":7,"column":19},"end":{"line":7,"column":20}},"loc":{"start":{"line":7,"column":31},"end":{"line":7,"column":561}},"line":7},"1":{"name":"defineProperties","decl":{"start":{"line":7,"column":42},"end":{"line":7,"column":58}},"loc":{"start":{"line":7,"column":74},"end":{"line":7,"column":349}},"line":7},"2":{"name":"(anonymous_2)","decl":{"start":{"line":7,"column":357},"end":{"line":7,"column":358}},"loc":{"start":{"line":7,"column":405},"end":{"line":7,"column":558}},"line":7},"3":{"name":"_interopRequireDefault","decl":{"start":{"line":37,"column":9},"end":{"line":37,"column":31}},"loc":{"start":{"line":37,"column":37},"end":{"line":37,"column":95}},"line":37},"4":{"name":"_defineProperty","decl":{"start":{"line":39,"column":9},"end":{"line":39,"column":24}},"loc":{"start":{"line":39,"column":42},"end":{"line":39,"column":209}},"line":39},"5":{"name":"_classCallCheck","decl":{"start":{"line":41,"column":9},"end":{"line":41,"column":24}},"loc":{"start":{"line":41,"column":48},"end":{"line":41,"column":153}},"line":41},"6":{"name":"_possibleConstructorReturn","decl":{"start":{"line":43,"column":9},"end":{"line":43,"column":35}},"loc":{"start":{"line":43,"column":48},"end":{"line":43,"column":240}},"line":43},"7":{"name":"_inherits","decl":{"start":{"line":45,"column":9},"end":{"line":45,"column":18}},"loc":{"start":{"line":45,"column":41},"end":{"line":45,"column":494}},"line":45},"8":{"name":"(anonymous_8)","decl":{"start":{"line":47,"column":12},"end":{"line":47,"column":13}},"loc":{"start":{"line":47,"column":40},"end":{"line":176,"column":1}},"line":47},"9":{"name":"Login","decl":{"start":{"line":50,"column":11},"end":{"line":50,"column":16}},"loc":{"start":{"line":50,"column":24},"end":{"line":66,"column":3}},"line":50},"10":{"name":"handleChange","decl":{"start":{"line":73,"column":20},"end":{"line":73,"column":32}},"loc":{"start":{"line":73,"column":40},"end":{"line":75,"column":5}},"line":73},"11":{"name":"showAlert","decl":{"start":{"line":81,"column":20},"end":{"line":81,"column":29}},"loc":{"start":{"line":81,"column":32},"end":{"line":85,"column":5}},"line":81},"12":{"name":"handleSubmit","decl":{"start":{"line":91,"column":20},"end":{"line":91,"column":32}},"loc":{"start":{"line":91,"column":40},"end":{"line":112,"column":5}},"line":91},"13":{"name":"(anonymous_13)","decl":{"start":{"line":98,"column":14},"end":{"line":98,"column":15}},"loc":{"start":{"line":98,"column":34},"end":{"line":109,"column":7}},"line":98},"14":{"name":"(anonymous_14)","decl":{"start":{"line":109,"column":15},"end":{"line":109,"column":16}},"loc":{"start":{"line":109,"column":32},"end":{"line":111,"column":7}},"line":109},"15":{"name":"render","decl":{"start":{"line":115,"column":20},"end":{"line":115,"column":26}},"loc":{"start":{"line":115,"column":29},"end":{"line":172,"column":5}},"line":115},"16":{"name":"ref","decl":{"start":{"line":125,"column":76},"end":{"line":125,"column":79}},"loc":{"start":{"line":125,"column":83},"end":{"line":127,"column":11}},"line":125}},"branchMap":{"0":{"loc":{"start":{"line":7,"column":168},"end":{"line":7,"column":198}},"type":"binary-expr","locations":[{"start":{"line":7,"column":168},"end":{"line":7,"column":189}},{"start":{"line":7,"column":193},"end":{"line":7,"column":198}}],"line":7},"1":{"loc":{"start":{"line":7,"column":232},"end":{"line":7,"column":286}},"type":"if","locations":[{"start":{"line":7,"column":232},"end":{"line":7,"column":286}},{"start":{"line":7,"column":232},"end":{"line":7,"column":286}}],"line":7},"2":{"loc":{"start":{"line":7,"column":407},"end":{"line":7,"column":475}},"type":"if","locations":[{"start":{"line":7,"column":407},"end":{"line":7,"column":475}},{"start":{"line":7,"column":407},"end":{"line":7,"column":475}}],"line":7},"3":{"loc":{"start":{"line":7,"column":476},"end":{"line":7,"column":536}},"type":"if","locations":[{"start":{"line":7,"column":476},"end":{"line":7,"column":536}},{"start":{"line":7,"column":476},"end":{"line":7,"column":536}}],"line":7},"4":{"loc":{"start":{"line":37,"column":46},"end":{"line":37,"column":92}},"type":"cond-expr","locations":[{"start":{"line":37,"column":70},"end":{"line":37,"column":73}},{"start":{"line":37,"column":76},"end":{"line":37,"column":92}}],"line":37},"5":{"loc":{"start":{"line":37,"column":46},"end":{"line":37,"column":67}},"type":"binary-expr","locations":[{"start":{"line":37,"column":46},"end":{"line":37,"column":49}},{"start":{"line":37,"column":53},"end":{"line":37,"column":67}}],"line":37},"6":{"loc":{"start":{"line":39,"column":44},"end":{"line":39,"column":195}},"type":"if","locations":[{"start":{"line":39,"column":44},"end":{"line":39,"column":195}},{"start":{"line":39,"column":44},"end":{"line":39,"column":195}}],"line":39},"7":{"loc":{"start":{"line":41,"column":50},"end":{"line":41,"column":151}},"type":"if","locations":[{"start":{"line":41,"column":50},"end":{"line":41,"column":151}},{"start":{"line":41,"column":50},"end":{"line":41,"column":151}}],"line":41},"8":{"loc":{"start":{"line":43,"column":50},"end":{"line":43,"column":151}},"type":"if","locations":[{"start":{"line":43,"column":50},"end":{"line":43,"column":151}},{"start":{"line":43,"column":50},"end":{"line":43,"column":151}}],"line":43},"9":{"loc":{"start":{"line":43,"column":159},"end":{"line":43,"column":237}},"type":"cond-expr","locations":[{"start":{"line":43,"column":226},"end":{"line":43,"column":230}},{"start":{"line":43,"column":233},"end":{"line":43,"column":237}}],"line":43},"10":{"loc":{"start":{"line":43,"column":159},"end":{"line":43,"column":223}},"type":"binary-expr","locations":[{"start":{"line":43,"column":159},"end":{"line":43,"column":163}},{"start":{"line":43,"column":168},"end":{"line":43,"column":192}},{"start":{"line":43,"column":196},"end":{"line":43,"column":222}}],"line":43},"11":{"loc":{"start":{"line":45,"column":43},"end":{"line":45,"column":208}},"type":"if","locations":[{"start":{"line":45,"column":43},"end":{"line":45,"column":208}},{"start":{"line":45,"column":43},"end":{"line":45,"column":208}}],"line":45},"12":{"loc":{"start":{"line":45,"column":47},"end":{"line":45,"column":102}},"type":"binary-expr","locations":[{"start":{"line":45,"column":47},"end":{"line":45,"column":79}},{"start":{"line":45,"column":83},"end":{"line":45,"column":102}}],"line":45},"13":{"loc":{"start":{"line":45,"column":244},"end":{"line":45,"column":278}},"type":"binary-expr","locations":[{"start":{"line":45,"column":244},"end":{"line":45,"column":254}},{"start":{"line":45,"column":258},"end":{"line":45,"column":278}}],"line":45},"14":{"loc":{"start":{"line":45,"column":374},"end":{"line":45,"column":492}},"type":"if","locations":[{"start":{"line":45,"column":374},"end":{"line":45,"column":492}},{"start":{"line":45,"column":374},"end":{"line":45,"column":492}}],"line":45},"15":{"loc":{"start":{"line":45,"column":390},"end":{"line":45,"column":491}},"type":"cond-expr","locations":[{"start":{"line":45,"column":414},"end":{"line":45,"column":457}},{"start":{"line":45,"column":460},"end":{"line":45,"column":491}}],"line":45},"16":{"loc":{"start":{"line":53,"column":50},"end":{"line":53,"column":97}},"type":"binary-expr","locations":[{"start":{"line":53,"column":50},"end":{"line":53,"column":65}},{"start":{"line":53,"column":69},"end":{"line":53,"column":97}}],"line":53},"17":{"loc":{"start":{"line":118,"column":6},"end":{"line":120,"column":7}},"type":"if","locations":[{"start":{"line":118,"column":6},"end":{"line":120,"column":7}},{"start":{"line":118,"column":6},"end":{"line":120,"column":7}}],"line":118}},"s":{"0":1,"1":1,"2":1,"3":4,"4":4,"5":4,"6":4,"7":4,"8":4,"9":1,"10":1,"11":1,"12":1,"13":0,"14":1,"15":1,"16":1,"17":1,"18":1,"19":1,"20":1,"21":1,"22":1,"23":1,"24":1,"25":1,"26":1,"27":1,"28":1,"29":6,"30":0,"31":0,"32":0,"33":0,"34":4,"35":0,"36":4,"37":0,"38":4,"39":1,"40":0,"41":1,"42":1,"43":1,"44":1,"45":1,"46":4,"47":4,"48":4,"49":4,"50":4,"51":4,"52":4,"53":1,"54":0,"55":0,"56":0,"57":0,"58":0,"59":0,"60":0,"61":0,"62":0,"63":0,"64":0,"65":0,"66":0,"67":4,"68":4,"69":0,"70":4,"71":0,"72":1,"73":1},"f":{"0":1,"1":1,"2":1,"3":6,"4":0,"5":4,"6":4,"7":1,"8":1,"9":4,"10":0,"11":0,"12":0,"13":0,"14":0,"15":4,"16":0},"b":{"0":[4,4],"1":[4,0],"2":[1,0],"3":[0,1],"4":[4,2],"5":[6,6],"6":[0,0],"7":[0,4],"8":[0,4],"9":[0,4],"10":[4,0,0],"11":[0,1],"12":[1,0],"13":[1,1],"14":[1,0],"15":[1,0],"16":[4,0],"17":[0,4]},"_coverageSchema":"332fd63041d2c1bcb487cc26dd0d5f7d97098a6c","hash":"2cb9f523c6d7982c65d73379f16ed60e54c689b6","contentHash":"302f53515e98a7a77a5806d3c529a87e_11.4.1"},"/Users/gracenjoki/projects/shoppinglistReact/styling.js":{"path":"/Users/gracenjoki/projects/shoppinglistReact/styling.js","statementMap":{"0":{"start":{"line":3,"column":0},"end":{"line":5,"column":3}},"1":{"start":{"line":6,"column":0},"end":{"line":6,"column":27}},"2":{"start":{"line":8,"column":14},"end":{"line":8,"column":50}},"3":{"start":{"line":10,"column":13},"end":{"line":151,"column":1}}},"fnMap":{},"branchMap":{},"s":{"0":1,"1":1,"2":1,"3":1},"f":{},"b":{},"_coverageSchema":"332fd63041d2c1bcb487cc26dd0d5f7d97098a6c","hash":"c57e190a76a51329aa24d53c1f2702b10624a28f","contentHash":"758a3b6d475e10035b655b5bfa8ef3f0_11.4.1"},"/Users/gracenjoki/projects/shoppinglistReact/components/auth/loginscreen.js":{"path":"/Users/gracenjoki/projects/shoppinglistReact/components/auth/loginscreen.js","statementMap":{"0":{"start":{"line":3,"column":0},"end":{"line":5,"column":3}},"1":{"start":{"line":7,"column":19},"end":{"line":7,"column":563}},"2":{"start":{"line":7,"column":76},"end":{"line":7,"column":347}},"3":{"start":{"line":7,"column":134},"end":{"line":7,"column":142}},"4":{"start":{"line":7,"column":144},"end":{"line":7,"column":199}},"5":{"start":{"line":7,"column":200},"end":{"line":7,"column":231}},"6":{"start":{"line":7,"column":232},"end":{"line":7,"column":286}},"7":{"start":{"line":7,"column":259},"end":{"line":7,"column":286}},"8":{"start":{"line":7,"column":287},"end":{"line":7,"column":345}},"9":{"start":{"line":7,"column":350},"end":{"line":7,"column":559}},"10":{"start":{"line":7,"column":407},"end":{"line":7,"column":475}},"11":{"start":{"line":7,"column":423},"end":{"line":7,"column":475}},"12":{"start":{"line":7,"column":476},"end":{"line":7,"column":536}},"13":{"start":{"line":7,"column":493},"end":{"line":7,"column":536}},"14":{"start":{"line":7,"column":537},"end":{"line":7,"column":556}},"15":{"start":{"line":9,"column":13},"end":{"line":9,"column":29}},"16":{"start":{"line":11,"column":14},"end":{"line":11,"column":44}},"17":{"start":{"line":13,"column":12},"end":{"line":13,"column":39}},"18":{"start":{"line":15,"column":27},"end":{"line":15,"column":59}},"19":{"start":{"line":17,"column":28},"end":{"line":17,"column":72}},"20":{"start":{"line":19,"column":13},"end":{"line":19,"column":31}},"21":{"start":{"line":21,"column":14},"end":{"line":21,"column":44}},"22":{"start":{"line":23,"column":16},"end":{"line":23,"column":37}},"23":{"start":{"line":25,"column":17},"end":{"line":25,"column":50}},"24":{"start":{"line":27,"column":24},"end":{"line":27,"column":68}},"25":{"start":{"line":29,"column":25},"end":{"line":29,"column":66}},"26":{"start":{"line":31,"column":15},"end":{"line":31,"column":39}},"27":{"start":{"line":33,"column":39},"end":{"line":33,"column":93}},"28":{"start":{"line":35,"column":50},"end":{"line":35,"column":151}},"29":{"start":{"line":35,"column":92},"end":{"line":35,"column":149}},"30":{"start":{"line":37,"column":50},"end":{"line":37,"column":151}},"31":{"start":{"line":37,"column":63},"end":{"line":37,"column":149}},"32":{"start":{"line":37,"column":152},"end":{"line":37,"column":238}},"33":{"start":{"line":39,"column":43},"end":{"line":39,"column":208}},"34":{"start":{"line":39,"column":106},"end":{"line":39,"column":206}},"35":{"start":{"line":39,"column":209},"end":{"line":39,"column":373}},"36":{"start":{"line":39,"column":374},"end":{"line":39,"column":492}},"37":{"start":{"line":39,"column":390},"end":{"line":39,"column":492}},"38":{"start":{"line":41,"column":18},"end":{"line":139,"column":28}},"39":{"start":{"line":42,"column":2},"end":{"line":42,"column":43}},"40":{"start":{"line":45,"column":4},"end":{"line":45,"column":39}},"41":{"start":{"line":47,"column":16},"end":{"line":47,"column":129}},"42":{"start":{"line":49,"column":4},"end":{"line":51,"column":6}},"43":{"start":{"line":53,"column":4},"end":{"line":53,"column":56}},"44":{"start":{"line":54,"column":4},"end":{"line":54,"column":17}},"45":{"start":{"line":60,"column":2},"end":{"line":136,"column":6}},"46":{"start":{"line":63,"column":6},"end":{"line":65,"column":9}},"47":{"start":{"line":70,"column":6},"end":{"line":134,"column":8}},"48":{"start":{"line":138,"column":2},"end":{"line":138,"column":21}},"49":{"start":{"line":141,"column":0},"end":{"line":141,"column":30}}},"fnMap":{"0":{"name":"(anonymous_0)","decl":{"start":{"line":7,"column":19},"end":{"line":7,"column":20}},"loc":{"start":{"line":7,"column":31},"end":{"line":7,"column":561}},"line":7},"1":{"name":"defineProperties","decl":{"start":{"line":7,"column":42},"end":{"line":7,"column":58}},"loc":{"start":{"line":7,"column":74},"end":{"line":7,"column":349}},"line":7},"2":{"name":"(anonymous_2)","decl":{"start":{"line":7,"column":357},"end":{"line":7,"column":358}},"loc":{"start":{"line":7,"column":405},"end":{"line":7,"column":558}},"line":7},"3":{"name":"_interopRequireDefault","decl":{"start":{"line":33,"column":9},"end":{"line":33,"column":31}},"loc":{"start":{"line":33,"column":37},"end":{"line":33,"column":95}},"line":33},"4":{"name":"_classCallCheck","decl":{"start":{"line":35,"column":9},"end":{"line":35,"column":24}},"loc":{"start":{"line":35,"column":48},"end":{"line":35,"column":153}},"line":35},"5":{"name":"_possibleConstructorReturn","decl":{"start":{"line":37,"column":9},"end":{"line":37,"column":35}},"loc":{"start":{"line":37,"column":48},"end":{"line":37,"column":240}},"line":37},"6":{"name":"_inherits","decl":{"start":{"line":39,"column":9},"end":{"line":39,"column":18}},"loc":{"start":{"line":39,"column":41},"end":{"line":39,"column":494}},"line":39},"7":{"name":"(anonymous_7)","decl":{"start":{"line":41,"column":18},"end":{"line":41,"column":19}},"loc":{"start":{"line":41,"column":46},"end":{"line":139,"column":1}},"line":41},"8":{"name":"LoginScreen","decl":{"start":{"line":44,"column":11},"end":{"line":44,"column":22}},"loc":{"start":{"line":44,"column":30},"end":{"line":55,"column":3}},"line":44},"9":{"name":"handleChange","decl":{"start":{"line":62,"column":20},"end":{"line":62,"column":32}},"loc":{"start":{"line":62,"column":40},"end":{"line":66,"column":5}},"line":62},"10":{"name":"render","decl":{"start":{"line":69,"column":20},"end":{"line":69,"column":26}},"loc":{"start":{"line":69,"column":29},"end":{"line":135,"column":5}},"line":69}},"branchMap":{"0":{"loc":{"start":{"line":7,"column":168},"end":{"line":7,"column":198}},"type":"binary-expr","locations":[{"start":{"line":7,"column":168},"end":{"line":7,"column":189}},{"start":{"line":7,"column":193},"end":{"line":7,"column":198}}],"line":7},"1":{"loc":{"start":{"line":7,"column":232},"end":{"line":7,"column":286}},"type":"if","locations":[{"start":{"line":7,"column":232},"end":{"line":7,"column":286}},{"start":{"line":7,"column":232},"end":{"line":7,"column":286}}],"line":7},"2":{"loc":{"start":{"line":7,"column":407},"end":{"line":7,"column":475}},"type":"if","locations":[{"start":{"line":7,"column":407},"end":{"line":7,"column":475}},{"start":{"line":7,"column":407},"end":{"line":7,"column":475}}],"line":7},"3":{"loc":{"start":{"line":7,"column":476},"end":{"line":7,"column":536}},"type":"if","locations":[{"start":{"line":7,"column":476},"end":{"line":7,"column":536}},{"start":{"line":7,"column":476},"end":{"line":7,"column":536}}],"line":7},"4":{"loc":{"start":{"line":33,"column":46},"end":{"line":33,"column":92}},"type":"cond-expr","locations":[{"start":{"line":33,"column":70},"end":{"line":33,"column":73}},{"start":{"line":33,"column":76},"end":{"line":33,"column":92}}],"line":33},"5":{"loc":{"start":{"line":33,"column":46},"end":{"line":33,"column":67}},"type":"binary-expr","locations":[{"start":{"line":33,"column":46},"end":{"line":33,"column":49}},{"start":{"line":33,"column":53},"end":{"line":33,"column":67}}],"line":33},"6":{"loc":{"start":{"line":35,"column":50},"end":{"line":35,"column":151}},"type":"if","locations":[{"start":{"line":35,"column":50},"end":{"line":35,"column":151}},{"start":{"line":35,"column":50},"end":{"line":35,"column":151}}],"line":35},"7":{"loc":{"start":{"line":37,"column":50},"end":{"line":37,"column":151}},"type":"if","locations":[{"start":{"line":37,"column":50},"end":{"line":37,"column":151}},{"start":{"line":37,"column":50},"end":{"line":37,"column":151}}],"line":37},"8":{"loc":{"start":{"line":37,"column":159},"end":{"line":37,"column":237}},"type":"cond-expr","locations":[{"start":{"line":37,"column":226},"end":{"line":37,"column":230}},{"start":{"line":37,"column":233},"end":{"line":37,"column":237}}],"line":37},"9":{"loc":{"start":{"line":37,"column":159},"end":{"line":37,"column":223}},"type":"binary-expr","locations":[{"start":{"line":37,"column":159},"end":{"line":37,"column":163}},{"start":{"line":37,"column":168},"end":{"line":37,"column":192}},{"start":{"line":37,"column":196},"end":{"line":37,"column":222}}],"line":37},"10":{"loc":{"start":{"line":39,"column":43},"end":{"line":39,"column":208}},"type":"if","locations":[{"start":{"line":39,"column":43},"end":{"line":39,"column":208}},{"start":{"line":39,"column":43},"end":{"line":39,"column":208}}],"line":39},"11":{"loc":{"start":{"line":39,"column":47},"end":{"line":39,"column":102}},"type":"binary-expr","locations":[{"start":{"line":39,"column":47},"end":{"line":39,"column":79}},{"start":{"line":39,"column":83},"end":{"line":39,"column":102}}],"line":39},"12":{"loc":{"start":{"line":39,"column":244},"end":{"line":39,"column":278}},"type":"binary-expr","locations":[{"start":{"line":39,"column":244},"end":{"line":39,"column":254}},{"start":{"line":39,"column":258},"end":{"line":39,"column":278}}],"line":39},"13":{"loc":{"start":{"line":39,"column":374},"end":{"line":39,"column":492}},"type":"if","locations":[{"start":{"line":39,"column":374},"end":{"line":39,"column":492}},{"start":{"line":39,"column":374},"end":{"line":39,"column":492}}],"line":39},"14":{"loc":{"start":{"line":39,"column":390},"end":{"line":39,"column":491}},"type":"cond-expr","locations":[{"start":{"line":39,"column":414},"end":{"line":39,"column":457}},{"start":{"line":39,"column":460},"end":{"line":39,"column":491}}],"line":39},"15":{"loc":{"start":{"line":47,"column":50},"end":{"line":47,"column":109}},"type":"binary-expr","locations":[{"start":{"line":47,"column":50},"end":{"line":47,"column":71}},{"start":{"line":47,"column":75},"end":{"line":47,"column":109}}],"line":47}},"s":{"0":1,"1":1,"2":1,"3":2,"4":2,"5":2,"6":2,"7":2,"8":2,"9":1,"10":1,"11":1,"12":1,"13":0,"14":1,"15":1,"16":1,"17":1,"18":1,"19":1,"20":1,"21":1,"22":1,"23":1,"24":1,"25":1,"26":1,"27":5,"28":3,"29":0,"30":3,"31":0,"32":3,"33":1,"34":0,"35":1,"36":1,"37":1,"38":1,"39":1,"40":3,"41":3,"42":3,"43":3,"44":3,"45":1,"46":0,"47":3,"48":1,"49":1},"f":{"0":1,"1":1,"2":1,"3":5,"4":3,"5":3,"6":1,"7":1,"8":3,"9":0,"10":3},"b":{"0":[2,2],"1":[2,0],"2":[1,0],"3":[0,1],"4":[4,1],"5":[5,5],"6":[0,3],"7":[0,3],"8":[0,3],"9":[3,0,0],"10":[0,1],"11":[1,0],"12":[1,1],"13":[1,0],"14":[1,0],"15":[3,0]},"_coverageSchema":"332fd63041d2c1bcb487cc26dd0d5f7d97098a6c","hash":"4c644a0f12382769627fc91ad847c1f19f70dfa6","contentHash":"e0141b611918f7506c237e9dde102e22_11.4.1"},"/Users/gracenjoki/projects/shoppinglistReact/components/auth/register.js":{"path":"/Users/gracenjoki/projects/shoppinglistReact/components/auth/register.js","statementMap":{"0":{"start":{"line":3,"column":0},"end":{"line":5,"column":3}},"1":{"start":{"line":7,"column":15},"end":{"line":7,"column":256}},"2":{"start":{"line":7,"column":52},"end":{"line":7,"column":239}},"3":{"start":{"line":7,"column":110},"end":{"line":7,"column":122}},"4":{"start":{"line":7,"column":124},"end":{"line":7,"column":237}},"5":{"start":{"line":7,"column":150},"end":{"line":7,"column":235}},"6":{"start":{"line":7,"column":207},"end":{"line":7,"column":233}},"7":{"start":{"line":7,"column":240},"end":{"line":7,"column":254}},"8":{"start":{"line":9,"column":19},"end":{"line":9,"column":563}},"9":{"start":{"line":9,"column":76},"end":{"line":9,"column":347}},"10":{"start":{"line":9,"column":134},"end":{"line":9,"column":142}},"11":{"start":{"line":9,"column":144},"end":{"line":9,"column":199}},"12":{"start":{"line":9,"column":200},"end":{"line":9,"column":231}},"13":{"start":{"line":9,"column":232},"end":{"line":9,"column":286}},"14":{"start":{"line":9,"column":259},"end":{"line":9,"column":286}},"15":{"start":{"line":9,"column":287},"end":{"line":9,"column":345}},"16":{"start":{"line":9,"column":350},"end":{"line":9,"column":559}},"17":{"start":{"line":9,"column":407},"end":{"line":9,"column":475}},"18":{"start":{"line":9,"column":423},"end":{"line":9,"column":475}},"19":{"start":{"line":9,"column":476},"end":{"line":9,"column":536}},"20":{"start":{"line":9,"column":493},"end":{"line":9,"column":536}},"21":{"start":{"line":9,"column":537},"end":{"line":9,"column":556}},"22":{"start":{"line":11,"column":13},"end":{"line":11,"column":29}},"23":{"start":{"line":13,"column":14},"end":{"line":13,"column":44}},"24":{"start":{"line":15,"column":18},"end":{"line":15,"column":51}},"25":{"start":{"line":17,"column":19},"end":{"line":17,"column":54}},"26":{"start":{"line":19,"column":18},"end":{"line":19,"column":40}},"27":{"start":{"line":21,"column":19},"end":{"line":21,"column":54}},"28":{"start":{"line":23,"column":17},"end":{"line":23,"column":49}},"29":{"start":{"line":25,"column":18},"end":{"line":25,"column":52}},"30":{"start":{"line":27,"column":13},"end":{"line":27,"column":29}},"31":{"start":{"line":29,"column":14},"end":{"line":29,"column":44}},"32":{"start":{"line":31,"column":15},"end":{"line":31,"column":39}},"33":{"start":{"line":33,"column":39},"end":{"line":33,"column":93}},"34":{"start":{"line":35,"column":44},"end":{"line":35,"column":195}},"35":{"start":{"line":35,"column":62},"end":{"line":35,"column":166}},"36":{"start":{"line":35,"column":176},"end":{"line":35,"column":193}},"37":{"start":{"line":35,"column":196},"end":{"line":35,"column":207}},"38":{"start":{"line":37,"column":50},"end":{"line":37,"column":151}},"39":{"start":{"line":37,"column":92},"end":{"line":37,"column":149}},"40":{"start":{"line":39,"column":50},"end":{"line":39,"column":151}},"41":{"start":{"line":39,"column":63},"end":{"line":39,"column":149}},"42":{"start":{"line":39,"column":152},"end":{"line":39,"column":238}},"43":{"start":{"line":41,"column":43},"end":{"line":41,"column":208}},"44":{"start":{"line":41,"column":106},"end":{"line":41,"column":206}},"45":{"start":{"line":41,"column":209},"end":{"line":41,"column":373}},"46":{"start":{"line":41,"column":374},"end":{"line":41,"column":492}},"47":{"start":{"line":41,"column":390},"end":{"line":41,"column":492}},"48":{"start":{"line":43,"column":15},"end":{"line":157,"column":28}},"49":{"start":{"line":44,"column":2},"end":{"line":44,"column":40}},"50":{"start":{"line":47,"column":4},"end":{"line":47,"column":36}},"51":{"start":{"line":49,"column":16},"end":{"line":49,"column":123}},"52":{"start":{"line":51,"column":4},"end":{"line":56,"column":6}},"53":{"start":{"line":58,"column":4},"end":{"line":58,"column":56}},"54":{"start":{"line":59,"column":4},"end":{"line":59,"column":56}},"55":{"start":{"line":60,"column":4},"end":{"line":60,"column":50}},"56":{"start":{"line":61,"column":4},"end":{"line":61,"column":17}},"57":{"start":{"line":67,"column":2},"end":{"line":154,"column":6}},"58":{"start":{"line":70,"column":6},"end":{"line":70,"column":80}},"59":{"start":{"line":78,"column":6},"end":{"line":80,"column":9}},"60":{"start":{"line":88,"column":19},"end":{"line":88,"column":23}},"61":{"start":{"line":90,"column":6},"end":{"line":99,"column":9}},"62":{"start":{"line":96,"column":8},"end":{"line":96,"column":50}},"63":{"start":{"line":98,"column":8},"end":{"line":98,"column":54}},"64":{"start":{"line":104,"column":19},"end":{"line":104,"column":23}},"65":{"start":{"line":106,"column":6},"end":{"line":152,"column":8}},"66":{"start":{"line":110,"column":12},"end":{"line":110,"column":34}},"67":{"start":{"line":156,"column":2},"end":{"line":156,"column":18}},"68":{"start":{"line":159,"column":0},"end":{"line":159,"column":27}}},"fnMap":{"0":{"name":"(anonymous_0)","decl":{"start":{"line":7,"column":32},"end":{"line":7,"column":33}},"loc":{"start":{"line":7,"column":50},"end":{"line":7,"column":256}},"line":7},"1":{"name":"(anonymous_1)","decl":{"start":{"line":9,"column":19},"end":{"line":9,"column":20}},"loc":{"start":{"line":9,"column":31},"end":{"line":9,"column":561}},"line":9},"2":{"name":"defineProperties","decl":{"start":{"line":9,"column":42},"end":{"line":9,"column":58}},"loc":{"start":{"line":9,"column":74},"end":{"line":9,"column":349}},"line":9},"3":{"name":"(anonymous_3)","decl":{"start":{"line":9,"column":357},"end":{"line":9,"column":358}},"loc":{"start":{"line":9,"column":405},"end":{"line":9,"column":558}},"line":9},"4":{"name":"_interopRequireDefault","decl":{"start":{"line":33,"column":9},"end":{"line":33,"column":31}},"loc":{"start":{"line":33,"column":37},"end":{"line":33,"column":95}},"line":33},"5":{"name":"_defineProperty","decl":{"start":{"line":35,"column":9},"end":{"line":35,"column":24}},"loc":{"start":{"line":35,"column":42},"end":{"line":35,"column":209}},"line":35},"6":{"name":"_classCallCheck","decl":{"start":{"line":37,"column":9},"end":{"line":37,"column":24}},"loc":{"start":{"line":37,"column":48},"end":{"line":37,"column":153}},"line":37},"7":{"name":"_possibleConstructorReturn","decl":{"start":{"line":39,"column":9},"end":{"line":39,"column":35}},"loc":{"start":{"line":39,"column":48},"end":{"line":39,"column":240}},"line":39},"8":{"name":"_inherits","decl":{"start":{"line":41,"column":9},"end":{"line":41,"column":18}},"loc":{"start":{"line":41,"column":41},"end":{"line":41,"column":494}},"line":41},"9":{"name":"(anonymous_9)","decl":{"start":{"line":43,"column":15},"end":{"line":43,"column":16}},"loc":{"start":{"line":43,"column":43},"end":{"line":157,"column":1}},"line":43},"10":{"name":"Register","decl":{"start":{"line":46,"column":11},"end":{"line":46,"column":19}},"loc":{"start":{"line":46,"column":27},"end":{"line":62,"column":3}},"line":46},"11":{"name":"handleChange","decl":{"start":{"line":69,"column":20},"end":{"line":69,"column":32}},"loc":{"start":{"line":69,"column":40},"end":{"line":71,"column":5}},"line":69},"12":{"name":"showAlert","decl":{"start":{"line":77,"column":20},"end":{"line":77,"column":29}},"loc":{"start":{"line":77,"column":32},"end":{"line":81,"column":5}},"line":77},"13":{"name":"handleSubmit","decl":{"start":{"line":87,"column":20},"end":{"line":87,"column":32}},"loc":{"start":{"line":87,"column":40},"end":{"line":100,"column":5}},"line":87},"14":{"name":"(anonymous_14)","decl":{"start":{"line":95,"column":14},"end":{"line":95,"column":15}},"loc":{"start":{"line":95,"column":34},"end":{"line":97,"column":7}},"line":95},"15":{"name":"(anonymous_15)","decl":{"start":{"line":97,"column":15},"end":{"line":97,"column":16}},"loc":{"start":{"line":97,"column":32},"end":{"line":99,"column":7}},"line":97},"16":{"name":"render","decl":{"start":{"line":103,"column":20},"end":{"line":103,"column":26}},"loc":{"start":{"line":103,"column":29},"end":{"line":153,"column":5}},"line":103},"17":{"name":"ref","decl":{"start":{"line":109,"column":85},"end":{"line":109,"column":88}},"loc":{"start":{"line":109,"column":92},"end":{"line":111,"column":11}},"line":109}},"branchMap":{"0":{"loc":{"start":{"line":7,"column":15},"end":{"line":7,"column":256}},"type":"binary-expr","locations":[{"start":{"line":7,"column":15},"end":{"line":7,"column":28}},{"start":{"line":7,"column":32},"end":{"line":7,"column":256}}],"line":7},"1":{"loc":{"start":{"line":7,"column":150},"end":{"line":7,"column":235}},"type":"if","locations":[{"start":{"line":7,"column":150},"end":{"line":7,"column":235}},{"start":{"line":7,"column":150},"end":{"line":7,"column":235}}],"line":7},"2":{"loc":{"start":{"line":9,"column":168},"end":{"line":9,"column":198}},"type":"binary-expr","locations":[{"start":{"line":9,"column":168},"end":{"line":9,"column":189}},{"start":{"line":9,"column":193},"end":{"line":9,"column":198}}],"line":9},"3":{"loc":{"start":{"line":9,"column":232},"end":{"line":9,"column":286}},"type":"if","locations":[{"start":{"line":9,"column":232},"end":{"line":9,"column":286}},{"start":{"line":9,"column":232},"end":{"line":9,"column":286}}],"line":9},"4":{"loc":{"start":{"line":9,"column":407},"end":{"line":9,"column":475}},"type":"if","locations":[{"start":{"line":9,"column":407},"end":{"line":9,"column":475}},{"start":{"line":9,"column":407},"end":{"line":9,"column":475}}],"line":9},"5":{"loc":{"start":{"line":9,"column":476},"end":{"line":9,"column":536}},"type":"if","locations":[{"start":{"line":9,"column":476},"end":{"line":9,"column":536}},{"start":{"line":9,"column":476},"end":{"line":9,"column":536}}],"line":9},"6":{"loc":{"start":{"line":33,"column":46},"end":{"line":33,"column":92}},"type":"cond-expr","locations":[{"start":{"line":33,"column":70},"end":{"line":33,"column":73}},{"start":{"line":33,"column":76},"end":{"line":33,"column":92}}],"line":33},"7":{"loc":{"start":{"line":33,"column":46},"end":{"line":33,"column":67}},"type":"binary-expr","locations":[{"start":{"line":33,"column":46},"end":{"line":33,"column":49}},{"start":{"line":33,"column":53},"end":{"line":33,"column":67}}],"line":33},"8":{"loc":{"start":{"line":35,"column":44},"end":{"line":35,"column":195}},"type":"if","locations":[{"start":{"line":35,"column":44},"end":{"line":35,"column":195}},{"start":{"line":35,"column":44},"end":{"line":35,"column":195}}],"line":35},"9":{"loc":{"start":{"line":37,"column":50},"end":{"line":37,"column":151}},"type":"if","locations":[{"start":{"line":37,"column":50},"end":{"line":37,"column":151}},{"start":{"line":37,"column":50},"end":{"line":37,"column":151}}],"line":37},"10":{"loc":{"start":{"line":39,"column":50},"end":{"line":39,"column":151}},"type":"if","locations":[{"start":{"line":39,"column":50},"end":{"line":39,"column":151}},{"start":{"line":39,"column":50},"end":{"line":39,"column":151}}],"line":39},"11":{"loc":{"start":{"line":39,"column":159},"end":{"line":39,"column":237}},"type":"cond-expr","locations":[{"start":{"line":39,"column":226},"end":{"line":39,"column":230}},{"start":{"line":39,"column":233},"end":{"line":39,"column":237}}],"line":39},"12":{"loc":{"start":{"line":39,"column":159},"end":{"line":39,"column":223}},"type":"binary-expr","locations":[{"start":{"line":39,"column":159},"end":{"line":39,"column":163}},{"start":{"line":39,"column":168},"end":{"line":39,"column":192}},{"start":{"line":39,"column":196},"end":{"line":39,"column":222}}],"line":39},"13":{"loc":{"start":{"line":41,"column":43},"end":{"line":41,"column":208}},"type":"if","locations":[{"start":{"line":41,"column":43},"end":{"line":41,"column":208}},{"start":{"line":41,"column":43},"end":{"line":41,"column":208}}],"line":41},"14":{"loc":{"start":{"line":41,"column":47},"end":{"line":41,"column":102}},"type":"binary-expr","locations":[{"start":{"line":41,"column":47},"end":{"line":41,"column":79}},{"start":{"line":41,"column":83},"end":{"line":41,"column":102}}],"line":41},"15":{"loc":{"start":{"line":41,"column":244},"end":{"line":41,"column":278}},"type":"binary-expr","locations":[{"start":{"line":41,"column":244},"end":{"line":41,"column":254}},{"start":{"line":41,"column":258},"end":{"line":41,"column":278}}],"line":41},"16":{"loc":{"start":{"line":41,"column":374},"end":{"line":41,"column":492}},"type":"if","locations":[{"start":{"line":41,"column":374},"end":{"line":41,"column":492}},{"start":{"line":41,"column":374},"end":{"line":41,"column":492}}],"line":41},"17":{"loc":{"start":{"line":41,"column":390},"end":{"line":41,"column":491}},"type":"cond-expr","locations":[{"start":{"line":41,"column":414},"end":{"line":41,"column":457}},{"start":{"line":41,"column":460},"end":{"line":41,"column":491}}],"line":41},"18":{"loc":{"start":{"line":49,"column":50},"end":{"line":49,"column":103}},"type":"binary-expr","locations":[{"start":{"line":49,"column":50},"end":{"line":49,"column":68}},{"start":{"line":49,"column":72},"end":{"line":49,"column":103}}],"line":49}},"s":{"0":1,"1":1,"2":0,"3":0,"4":0,"5":0,"6":0,"7":0,"8":1,"9":1,"10":4,"11":4,"12":4,"13":4,"14":4,"15":4,"16":1,"17":1,"18":1,"19":1,"20":0,"21":1,"22":1,"23":1,"24":1,"25":1,"26":1,"27":1,"28":1,"29":1,"30":1,"31":1,"32":1,"33":5,"34":0,"35":0,"36":0,"37":0,"38":3,"39":0,"40":3,"41":0,"42":3,"43":1,"44":0,"45":1,"46":1,"47":1,"48":1,"49":1,"50":3,"51":3,"52":3,"53":3,"54":3,"55":3,"56":3,"57":1,"58":0,"59":0,"60":0,"61":0,"62":0,"63":0,"64":3,"65":3,"66":0,"67":1,"68":1},"f":{"0":0,"1":1,"2":1,"3":1,"4":5,"5":0,"6":3,"7":3,"8":1,"9":1,"10":3,"11":0,"12":0,"13":0,"14":0,"15":0,"16":3,"17":0},"b":{"0":[1,0],"1":[0,0],"2":[4,4],"3":[4,0],"4":[1,0],"5":[0,1],"6":[3,2],"7":[5,5],"8":[0,0],"9":[0,3],"10":[0,3],"11":[0,3],"12":[3,0,0],"13":[0,1],"14":[1,0],"15":[1,1],"16":[1,0],"17":[1,0],"18":[3,0]},"_coverageSchema":"332fd63041d2c1bcb487cc26dd0d5f7d97098a6c","hash":"3eb61d3f9d9d295f605819db86be49fc7b5cde4d","contentHash":"538dd4ee32fe1cc9d1e45235d3f56bf6_11.4.1"},"/Users/gracenjoki/projects/shoppinglistReact/components/shoppinglists/shoppinglistview.js":{"path":"/Users/gracenjoki/projects/shoppinglistReact/components/shoppinglists/shoppinglistview.js","statementMap":{"0":{"start":{"line":3,"column":0},"end":{"line":5,"column":3}},"1":{"start":{"line":7,"column":19},"end":{"line":7,"column":563}},"2":{"start":{"line":7,"column":76},"end":{"line":7,"column":347}},"3":{"start":{"line":7,"column":134},"end":{"line":7,"column":142}},"4":{"start":{"line":7,"column":144},"end":{"line":7,"column":199}},"5":{"start":{"line":7,"column":200},"end":{"line":7,"column":231}},"6":{"start":{"line":7,"column":232},"end":{"line":7,"column":286}},"7":{"start":{"line":7,"column":259},"end":{"line":7,"column":286}},"8":{"start":{"line":7,"column":287},"end":{"line":7,"column":345}},"9":{"start":{"line":7,"column":350},"end":{"line":7,"column":559}},"10":{"start":{"line":7,"column":407},"end":{"line":7,"column":475}},"11":{"start":{"line":7,"column":423},"end":{"line":7,"column":475}},"12":{"start":{"line":7,"column":476},"end":{"line":7,"column":536}},"13":{"start":{"line":7,"column":493},"end":{"line":7,"column":536}},"14":{"start":{"line":7,"column":537},"end":{"line":7,"column":556}},"15":{"start":{"line":9,"column":13},"end":{"line":9,"column":29}},"16":{"start":{"line":11,"column":14},"end":{"line":11,"column":44}},"17":{"start":{"line":13,"column":27},"end":{"line":13,"column":60}},"18":{"start":{"line":15,"column":28},"end":{"line":15,"column":72}},"19":{"start":{"line":17,"column":18},"end":{"line":17,"column":40}},"20":{"start":{"line":19,"column":19},"end":{"line":19,"column":54}},"21":{"start":{"line":21,"column":16},"end":{"line":21,"column":47}},"22":{"start":{"line":23,"column":20},"end":{"line":23,"column":55}},"23":{"start":{"line":25,"column":21},"end":{"line":25,"column":58}},"24":{"start":{"line":27,"column":16},"end":{"line":27,"column":47}},"25":{"start":{"line":29,"column":17},"end":{"line":29,"column":50}},"26":{"start":{"line":31,"column":14},"end":{"line":31,"column":43}},"27":{"start":{"line":33,"column":15},"end":{"line":33,"column":46}},"28":{"start":{"line":35,"column":14},"end":{"line":35,"column":43}},"29":{"start":{"line":37,"column":15},"end":{"line":37,"column":46}},"30":{"start":{"line":39,"column":18},"end":{"line":39,"column":51}},"31":{"start":{"line":41,"column":19},"end":{"line":41,"column":54}},"32":{"start":{"line":43,"column":28},"end":{"line":43,"column":71}},"33":{"start":{"line":45,"column":29},"end":{"line":45,"column":74}},"34":{"start":{"line":47,"column":11},"end":{"line":47,"column":55}},"35":{"start":{"line":49,"column":12},"end":{"line":49,"column":40}},"36":{"start":{"line":51,"column":15},"end":{"line":51,"column":39}},"37":{"start":{"line":53,"column":15},"end":{"line":53,"column":45}},"38":{"start":{"line":55,"column":14},"end":{"line":55,"column":31}},"39":{"start":{"line":57,"column":15},"end":{"line":57,"column":46}},"40":{"start":{"line":59,"column":22},"end":{"line":59,"column":49}},"41":{"start":{"line":61,"column":13},"end":{"line":61,"column":29}},"42":{"start":{"line":63,"column":14},"end":{"line":63,"column":44}},"43":{"start":{"line":65,"column":24},"end":{"line":65,"column":53}},"44":{"start":{"line":67,"column":25},"end":{"line":67,"column":66}},"45":{"start":{"line":69,"column":23},"end":{"line":69,"column":51}},"46":{"start":{"line":71,"column":24},"end":{"line":71,"column":64}},"47":{"start":{"line":73,"column":18},"end":{"line":73,"column":47}},"48":{"start":{"line":75,"column":19},"end":{"line":75,"column":54}},"49":{"start":{"line":77,"column":21},"end":{"line":77,"column":53}},"50":{"start":{"line":79,"column":39},"end":{"line":79,"column":93}},"51":{"start":{"line":81,"column":44},"end":{"line":81,"column":195}},"52":{"start":{"line":81,"column":62},"end":{"line":81,"column":166}},"53":{"start":{"line":81,"column":176},"end":{"line":81,"column":193}},"54":{"start":{"line":81,"column":196},"end":{"line":81,"column":207}},"55":{"start":{"line":83,"column":50},"end":{"line":83,"column":151}},"56":{"start":{"line":83,"column":92},"end":{"line":83,"column":149}},"57":{"start":{"line":85,"column":50},"end":{"line":85,"column":151}},"58":{"start":{"line":85,"column":63},"end":{"line":85,"column":149}},"59":{"start":{"line":85,"column":152},"end":{"line":85,"column":238}},"60":{"start":{"line":87,"column":43},"end":{"line":87,"column":208}},"61":{"start":{"line":87,"column":106},"end":{"line":87,"column":206}},"62":{"start":{"line":87,"column":209},"end":{"line":87,"column":373}},"63":{"start":{"line":87,"column":374},"end":{"line":87,"column":492}},"64":{"start":{"line":87,"column":390},"end":{"line":87,"column":492}},"65":{"start":{"line":89,"column":23},"end":{"line":542,"column":28}},"66":{"start":{"line":90,"column":4},"end":{"line":90,"column":50}},"67":{"start":{"line":93,"column":8},"end":{"line":93,"column":48}},"68":{"start":{"line":95,"column":20},"end":{"line":95,"column":143}},"69":{"start":{"line":97,"column":8},"end":{"line":105,"column":10}},"70":{"start":{"line":107,"column":8},"end":{"line":107,"column":56}},"71":{"start":{"line":108,"column":8},"end":{"line":108,"column":56}},"72":{"start":{"line":109,"column":8},"end":{"line":109,"column":58}},"73":{"start":{"line":110,"column":8},"end":{"line":110,"column":60}},"74":{"start":{"line":111,"column":8},"end":{"line":111,"column":60}},"75":{"start":{"line":112,"column":8},"end":{"line":112,"column":54}},"76":{"start":{"line":113,"column":8},"end":{"line":113,"column":64}},"77":{"start":{"line":114,"column":8},"end":{"line":114,"column":64}},"78":{"start":{"line":115,"column":8},"end":{"line":115,"column":66}},"79":{"start":{"line":116,"column":8},"end":{"line":116,"column":60}},"80":{"start":{"line":117,"column":8},"end":{"line":117,"column":68}},"81":{"start":{"line":118,"column":8},"end":{"line":118,"column":68}},"82":{"start":{"line":119,"column":8},"end":{"line":119,"column":54}},"83":{"start":{"line":120,"column":8},"end":{"line":120,"column":21}},"84":{"start":{"line":123,"column":4},"end":{"line":539,"column":8}},"85":{"start":{"line":126,"column":12},"end":{"line":126,"column":36}},"86":{"start":{"line":134,"column":12},"end":{"line":136,"column":15}},"87":{"start":{"line":144,"column":12},"end":{"line":148,"column":15}},"88":{"start":{"line":156,"column":12},"end":{"line":158,"column":15}},"89":{"start":{"line":166,"column":12},"end":{"line":168,"column":15}},"90":{"start":{"line":176,"column":12},"end":{"line":176,"column":48}},"91":{"start":{"line":177,"column":12},"end":{"line":179,"column":15}},"92":{"start":{"line":187,"column":12},"end":{"line":187,"column":86}},"93":{"start":{"line":195,"column":12},"end":{"line":199,"column":15}},"94":{"start":{"line":207,"column":12},"end":{"line":210,"column":15}},"95":{"start":{"line":218,"column":25},"end":{"line":218,"column":29}},"96":{"start":{"line":220,"column":12},"end":{"line":237,"column":15}},"97":{"start":{"line":230,"column":25},"end":{"line":230,"column":46}},"98":{"start":{"line":231,"column":16},"end":{"line":231,"column":47}},"99":{"start":{"line":232,"column":16},"end":{"line":232,"column":42}},"100":{"start":{"line":233,"column":16},"end":{"line":233,"column":37}},"101":{"start":{"line":234,"column":16},"end":{"line":234,"column":59}},"102":{"start":{"line":236,"column":16},"end":{"line":236,"column":62}},"103":{"start":{"line":245,"column":25},"end":{"line":245,"column":29}},"104":{"start":{"line":247,"column":21},"end":{"line":247,"column":34}},"105":{"start":{"line":249,"column":12},"end":{"line":262,"column":15}},"106":{"start":{"line":257,"column":16},"end":{"line":257,"column":42}},"107":{"start":{"line":258,"column":16},"end":{"line":258,"column":37}},"108":{"start":{"line":259,"column":16},"end":{"line":259,"column":59}},"109":{"start":{"line":261,"column":16},"end":{"line":261,"column":62}},"110":{"start":{"line":270,"column":25},"end":{"line":270,"column":29}},"111":{"start":{"line":272,"column":21},"end":{"line":272,"column":34}},"112":{"start":{"line":274,"column":12},"end":{"line":284,"column":15}},"113":{"start":{"line":279,"column":16},"end":{"line":279,"column":42}},"114":{"start":{"line":280,"column":16},"end":{"line":280,"column":37}},"115":{"start":{"line":281,"column":16},"end":{"line":281,"column":58}},"116":{"start":{"line":283,"column":16},"end":{"line":283,"column":62}},"117":{"start":{"line":292,"column":25},"end":{"line":292,"column":29}},"118":{"start":{"line":294,"column":12},"end":{"line":306,"column":15}},"119":{"start":{"line":299,"column":16},"end":{"line":303,"column":19}},"120":{"start":{"line":305,"column":16},"end":{"line":305,"column":62}},"121":{"start":{"line":314,"column":25},"end":{"line":314,"column":29}},"122":{"start":{"line":316,"column":25},"end":{"line":316,"column":42}},"123":{"start":{"line":318,"column":12},"end":{"line":331,"column":15}},"124":{"start":{"line":323,"column":16},"end":{"line":325,"column":19}},"125":{"start":{"line":327,"column":16},"end":{"line":329,"column":19}},"126":{"start":{"line":330,"column":16},"end":{"line":330,"column":64}},"127":{"start":{"line":339,"column":25},"end":{"line":339,"column":29}},"128":{"start":{"line":341,"column":12},"end":{"line":353,"column":15}},"129":{"start":{"line":346,"column":16},"end":{"line":350,"column":19}},"130":{"start":{"line":352,"column":16},"end":{"line":352,"column":62}},"131":{"start":{"line":361,"column":12},"end":{"line":363,"column":15}},"132":{"start":{"line":368,"column":25},"end":{"line":368,"column":29}},"133":{"start":{"line":370,"column":35},"end":{"line":370,"column":59}},"134":{"start":{"line":371,"column":12},"end":{"line":420,"column":14}},"135":{"start":{"line":382,"column":24},"end":{"line":417,"column":26}},"136":{"start":{"line":399,"column":44},"end":{"line":399,"column":94}},"137":{"start":{"line":405,"column":44},"end":{"line":405,"column":85}},"138":{"start":{"line":411,"column":44},"end":{"line":411,"column":82}},"139":{"start":{"line":425,"column":25},"end":{"line":425,"column":29}},"140":{"start":{"line":427,"column":26},"end":{"line":433,"column":15}},"141":{"start":{"line":435,"column":29},"end":{"line":447,"column":15}},"142":{"start":{"line":449,"column":12},"end":{"line":451,"column":13}},"143":{"start":{"line":450,"column":16},"end":{"line":450,"column":97}},"144":{"start":{"line":453,"column":12},"end":{"line":537,"column":14}},"145":{"start":{"line":477,"column":24},"end":{"line":477,"column":46}},"146":{"start":{"line":541,"column":4},"end":{"line":541,"column":28}},"147":{"start":{"line":544,"column":0},"end":{"line":544,"column":35}}},"fnMap":{"0":{"name":"(anonymous_0)","decl":{"start":{"line":7,"column":19},"end":{"line":7,"column":20}},"loc":{"start":{"line":7,"column":31},"end":{"line":7,"column":561}},"line":7},"1":{"name":"defineProperties","decl":{"start":{"line":7,"column":42},"end":{"line":7,"column":58}},"loc":{"start":{"line":7,"column":74},"end":{"line":7,"column":349}},"line":7},"2":{"name":"(anonymous_2)","decl":{"start":{"line":7,"column":357},"end":{"line":7,"column":358}},"loc":{"start":{"line":7,"column":405},"end":{"line":7,"column":558}},"line":7},"3":{"name":"_interopRequireDefault","decl":{"start":{"line":79,"column":9},"end":{"line":79,"column":31}},"loc":{"start":{"line":79,"column":37},"end":{"line":79,"column":95}},"line":79},"4":{"name":"_defineProperty","decl":{"start":{"line":81,"column":9},"end":{"line":81,"column":24}},"loc":{"start":{"line":81,"column":42},"end":{"line":81,"column":209}},"line":81},"5":{"name":"_classCallCheck","decl":{"start":{"line":83,"column":9},"end":{"line":83,"column":24}},"loc":{"start":{"line":83,"column":48},"end":{"line":83,"column":153}},"line":83},"6":{"name":"_possibleConstructorReturn","decl":{"start":{"line":85,"column":9},"end":{"line":85,"column":35}},"loc":{"start":{"line":85,"column":48},"end":{"line":85,"column":240}},"line":85},"7":{"name":"_inherits","decl":{"start":{"line":87,"column":9},"end":{"line":87,"column":18}},"loc":{"start":{"line":87,"column":41},"end":{"line":87,"column":494}},"line":87},"8":{"name":"(anonymous_8)","decl":{"start":{"line":89,"column":23},"end":{"line":89,"column":24}},"loc":{"start":{"line":89,"column":51},"end":{"line":542,"column":1}},"line":89},"9":{"name":"ViewShoppinglist","decl":{"start":{"line":92,"column":13},"end":{"line":92,"column":29}},"loc":{"start":{"line":92,"column":37},"end":{"line":121,"column":5}},"line":92},"10":{"name":"componentWillMount","decl":{"start":{"line":125,"column":24},"end":{"line":125,"column":42}},"loc":{"start":{"line":125,"column":45},"end":{"line":127,"column":9}},"line":125},"11":{"name":"handleOpen","decl":{"start":{"line":133,"column":24},"end":{"line":133,"column":34}},"loc":{"start":{"line":133,"column":37},"end":{"line":137,"column":9}},"line":133},"12":{"name":"handleClose","decl":{"start":{"line":143,"column":24},"end":{"line":143,"column":35}},"loc":{"start":{"line":143,"column":38},"end":{"line":149,"column":9}},"line":143},"13":{"name":"handleSearch","decl":{"start":{"line":155,"column":24},"end":{"line":155,"column":36}},"loc":{"start":{"line":155,"column":44},"end":{"line":159,"column":9}},"line":155},"14":{"name":"showAlert","decl":{"start":{"line":165,"column":24},"end":{"line":165,"column":33}},"loc":{"start":{"line":165,"column":36},"end":{"line":169,"column":9}},"line":165},"15":{"name":"handleRedirect","decl":{"start":{"line":175,"column":24},"end":{"line":175,"column":38}},"loc":{"start":{"line":175,"column":43},"end":{"line":180,"column":9}},"line":175},"16":{"name":"handleChange","decl":{"start":{"line":186,"column":24},"end":{"line":186,"column":36}},"loc":{"start":{"line":186,"column":44},"end":{"line":188,"column":9}},"line":186},"17":{"name":"handleEditModal","decl":{"start":{"line":194,"column":24},"end":{"line":194,"column":39}},"loc":{"start":{"line":194,"column":50},"end":{"line":200,"column":9}},"line":194},"18":{"name":"handleDeleteModal","decl":{"start":{"line":206,"column":24},"end":{"line":206,"column":41}},"loc":{"start":{"line":206,"column":46},"end":{"line":211,"column":9}},"line":206},"19":{"name":"handleAdd","decl":{"start":{"line":217,"column":24},"end":{"line":217,"column":33}},"loc":{"start":{"line":217,"column":41},"end":{"line":238,"column":9}},"line":217},"20":{"name":"(anonymous_20)","decl":{"start":{"line":229,"column":20},"end":{"line":229,"column":21}},"loc":{"start":{"line":229,"column":40},"end":{"line":235,"column":13}},"line":229},"21":{"name":"(anonymous_21)","decl":{"start":{"line":235,"column":21},"end":{"line":235,"column":22}},"loc":{"start":{"line":235,"column":38},"end":{"line":237,"column":13}},"line":235},"22":{"name":"handleEdit","decl":{"start":{"line":244,"column":24},"end":{"line":244,"column":34}},"loc":{"start":{"line":244,"column":37},"end":{"line":263,"column":9}},"line":244},"23":{"name":"(anonymous_23)","decl":{"start":{"line":256,"column":20},"end":{"line":256,"column":21}},"loc":{"start":{"line":256,"column":40},"end":{"line":260,"column":13}},"line":256},"24":{"name":"(anonymous_24)","decl":{"start":{"line":260,"column":21},"end":{"line":260,"column":22}},"loc":{"start":{"line":260,"column":38},"end":{"line":262,"column":13}},"line":260},"25":{"name":"handleDelete","decl":{"start":{"line":269,"column":24},"end":{"line":269,"column":36}},"loc":{"start":{"line":269,"column":39},"end":{"line":285,"column":9}},"line":269},"26":{"name":"(anonymous_26)","decl":{"start":{"line":278,"column":20},"end":{"line":278,"column":21}},"loc":{"start":{"line":278,"column":40},"end":{"line":282,"column":13}},"line":278},"27":{"name":"(anonymous_27)","decl":{"start":{"line":282,"column":21},"end":{"line":282,"column":22}},"loc":{"start":{"line":282,"column":38},"end":{"line":284,"column":13}},"line":282},"28":{"name":"getShoppinglists","decl":{"start":{"line":291,"column":24},"end":{"line":291,"column":40}},"loc":{"start":{"line":291,"column":43},"end":{"line":307,"column":9}},"line":291},"29":{"name":"(anonymous_29)","decl":{"start":{"line":298,"column":20},"end":{"line":298,"column":21}},"loc":{"start":{"line":298,"column":40},"end":{"line":304,"column":13}},"line":298},"30":{"name":"(anonymous_30)","decl":{"start":{"line":304,"column":21},"end":{"line":304,"column":22}},"loc":{"start":{"line":304,"column":38},"end":{"line":306,"column":13}},"line":304},"31":{"name":"handleSearchList","decl":{"start":{"line":313,"column":24},"end":{"line":313,"column":40}},"loc":{"start":{"line":313,"column":43},"end":{"line":332,"column":9}},"line":313},"32":{"name":"(anonymous_32)","decl":{"start":{"line":322,"column":20},"end":{"line":322,"column":21}},"loc":{"start":{"line":322,"column":40},"end":{"line":326,"column":13}},"line":322},"33":{"name":"(anonymous_33)","decl":{"start":{"line":326,"column":21},"end":{"line":326,"column":22}},"loc":{"start":{"line":326,"column":38},"end":{"line":331,"column":13}},"line":326},"34":{"name":"handlePagination","decl":{"start":{"line":338,"column":24},"end":{"line":338,"column":40}},"loc":{"start":{"line":338,"column":46},"end":{"line":354,"column":9}},"line":338},"35":{"name":"(anonymous_35)","decl":{"start":{"line":345,"column":20},"end":{"line":345,"column":21}},"loc":{"start":{"line":345,"column":40},"end":{"line":351,"column":13}},"line":345},"36":{"name":"(anonymous_36)","decl":{"start":{"line":351,"column":21},"end":{"line":351,"column":22}},"loc":{"start":{"line":351,"column":38},"end":{"line":353,"column":13}},"line":351},"37":{"name":"handleDropDown","decl":{"start":{"line":360,"column":24},"end":{"line":360,"column":38}},"loc":{"start":{"line":360,"column":60},"end":{"line":364,"column":9}},"line":360},"38":{"name":"renderScreen","decl":{"start":{"line":367,"column":24},"end":{"line":367,"column":36}},"loc":{"start":{"line":367,"column":39},"end":{"line":421,"column":9}},"line":367},"39":{"name":"(anonymous_39)","decl":{"start":{"line":381,"column":59},"end":{"line":381,"column":60}},"loc":{"start":{"line":381,"column":75},"end":{"line":418,"column":21}},"line":381},"40":{"name":"onClick","decl":{"start":{"line":398,"column":58},"end":{"line":398,"column":65}},"loc":{"start":{"line":398,"column":68},"end":{"line":400,"column":41}},"line":398},"41":{"name":"onClick","decl":{"start":{"line":404,"column":58},"end":{"line":404,"column":65}},"loc":{"start":{"line":404,"column":68},"end":{"line":406,"column":41}},"line":404},"42":{"name":"onClick","decl":{"start":{"line":410,"column":58},"end":{"line":410,"column":65}},"loc":{"start":{"line":410,"column":68},"end":{"line":412,"column":41}},"line":410},"43":{"name":"render","decl":{"start":{"line":424,"column":24},"end":{"line":424,"column":30}},"loc":{"start":{"line":424,"column":33},"end":{"line":538,"column":9}},"line":424},"44":{"name":"ref","decl":{"start":{"line":476,"column":84},"end":{"line":476,"column":87}},"loc":{"start":{"line":476,"column":91},"end":{"line":478,"column":21}},"line":476}},"branchMap":{"0":{"loc":{"start":{"line":7,"column":168},"end":{"line":7,"column":198}},"type":"binary-expr","locations":[{"start":{"line":7,"column":168},"end":{"line":7,"column":189}},{"start":{"line":7,"column":193},"end":{"line":7,"column":198}}],"line":7},"1":{"loc":{"start":{"line":7,"column":232},"end":{"line":7,"column":286}},"type":"if","locations":[{"start":{"line":7,"column":232},"end":{"line":7,"column":286}},{"start":{"line":7,"column":232},"end":{"line":7,"column":286}}],"line":7},"2":{"loc":{"start":{"line":7,"column":407},"end":{"line":7,"column":475}},"type":"if","locations":[{"start":{"line":7,"column":407},"end":{"line":7,"column":475}},{"start":{"line":7,"column":407},"end":{"line":7,"column":475}}],"line":7},"3":{"loc":{"start":{"line":7,"column":476},"end":{"line":7,"column":536}},"type":"if","locations":[{"start":{"line":7,"column":476},"end":{"line":7,"column":536}},{"start":{"line":7,"column":476},"end":{"line":7,"column":536}}],"line":7},"4":{"loc":{"start":{"line":79,"column":46},"end":{"line":79,"column":92}},"type":"cond-expr","locations":[{"start":{"line":79,"column":70},"end":{"line":79,"column":73}},{"start":{"line":79,"column":76},"end":{"line":79,"column":92}}],"line":79},"5":{"loc":{"start":{"line":79,"column":46},"end":{"line":79,"column":67}},"type":"binary-expr","locations":[{"start":{"line":79,"column":46},"end":{"line":79,"column":49}},{"start":{"line":79,"column":53},"end":{"line":79,"column":67}}],"line":79},"6":{"loc":{"start":{"line":81,"column":44},"end":{"line":81,"column":195}},"type":"if","locations":[{"start":{"line":81,"column":44},"end":{"line":81,"column":195}},{"start":{"line":81,"column":44},"end":{"line":81,"column":195}}],"line":81},"7":{"loc":{"start":{"line":83,"column":50},"end":{"line":83,"column":151}},"type":"if","locations":[{"start":{"line":83,"column":50},"end":{"line":83,"column":151}},{"start":{"line":83,"column":50},"end":{"line":83,"column":151}}],"line":83},"8":{"loc":{"start":{"line":85,"column":50},"end":{"line":85,"column":151}},"type":"if","locations":[{"start":{"line":85,"column":50},"end":{"line":85,"column":151}},{"start":{"line":85,"column":50},"end":{"line":85,"column":151}}],"line":85},"9":{"loc":{"start":{"line":85,"column":159},"end":{"line":85,"column":237}},"type":"cond-expr","locations":[{"start":{"line":85,"column":226},"end":{"line":85,"column":230}},{"start":{"line":85,"column":233},"end":{"line":85,"column":237}}],"line":85},"10":{"loc":{"start":{"line":85,"column":159},"end":{"line":85,"column":223}},"type":"binary-expr","locations":[{"start":{"line":85,"column":159},"end":{"line":85,"column":163}},{"start":{"line":85,"column":168},"end":{"line":85,"column":192}},{"start":{"line":85,"column":196},"end":{"line":85,"column":222}}],"line":85},"11":{"loc":{"start":{"line":87,"column":43},"end":{"line":87,"column":208}},"type":"if","locations":[{"start":{"line":87,"column":43},"end":{"line":87,"column":208}},{"start":{"line":87,"column":43},"end":{"line":87,"column":208}}],"line":87},"12":{"loc":{"start":{"line":87,"column":47},"end":{"line":87,"column":102}},"type":"binary-expr","locations":[{"start":{"line":87,"column":47},"end":{"line":87,"column":79}},{"start":{"line":87,"column":83},"end":{"line":87,"column":102}}],"line":87},"13":{"loc":{"start":{"line":87,"column":244},"end":{"line":87,"column":278}},"type":"binary-expr","locations":[{"start":{"line":87,"column":244},"end":{"line":87,"column":254}},{"start":{"line":87,"column":258},"end":{"line":87,"column":278}}],"line":87},"14":{"loc":{"start":{"line":87,"column":374},"end":{"line":87,"column":492}},"type":"if","locations":[{"start":{"line":87,"column":374},"end":{"line":87,"column":492}},{"start":{"line":87,"column":374},"end":{"line":87,"column":492}}],"line":87},"15":{"loc":{"start":{"line":87,"column":390},"end":{"line":87,"column":491}},"type":"cond-expr","locations":[{"start":{"line":87,"column":414},"end":{"line":87,"column":457}},{"start":{"line":87,"column":460},"end":{"line":87,"column":491}}],"line":87},"16":{"loc":{"start":{"line":95,"column":54},"end":{"line":95,"column":123}},"type":"binary-expr","locations":[{"start":{"line":95,"column":54},"end":{"line":95,"column":80}},{"start":{"line":95,"column":84},"end":{"line":95,"column":123}}],"line":95},"17":{"loc":{"start":{"line":449,"column":12},"end":{"line":451,"column":13}},"type":"if","locations":[{"start":{"line":449,"column":12},"end":{"line":451,"column":13}},{"start":{"line":449,"column":12},"end":{"line":451,"column":13}}],"line":449},"18":{"loc":{"start":{"line":500,"column":16},"end":{"line":508,"column":40}},"type":"cond-expr","locations":[{"start":{"line":500,"column":36},"end":{"line":508,"column":18}},{"start":{"line":508,"column":21},"end":{"line":508,"column":40}}],"line":500}},"s":{"0":1,"1":1,"2":1,"3":18,"4":18,"5":18,"6":18,"7":18,"8":18,"9":1,"10":1,"11":1,"12":1,"13":0,"14":1,"15":1,"16":1,"17":1,"18":1,"19":1,"20":1,"21":1,"22":1,"23":1,"24":1,"25":1,"26":1,"27":1,"28":1,"29":1,"30":1,"31":1,"32":1,"33":1,"34":1,"35":1,"36":1,"37":1,"38":1,"39":1,"40":1,"41":1,"42":1,"43":1,"44":1,"45":1,"46":1,"47":1,"48":1,"49":1,"50":15,"51":0,"52":0,"53":0,"54":0,"55":0,"56":0,"57":0,"58":0,"59":0,"60":1,"61":0,"62":1,"63":1,"64":1,"65":1,"66":1,"67":0,"68":0,"69":0,"70":0,"71":0,"72":0,"73":0,"74":0,"75":0,"76":0,"77":0,"78":0,"79":0,"80":0,"81":0,"82":0,"83":0,"84":1,"85":0,"86":0,"87":0,"88":0,"89":0,"90":0,"91":0,"92":0,"93":0,"94":0,"95":0,"96":0,"97":0,"98":0,"99":0,"100":0,"101":0,"102":0,"103":0,"104":0,"105":0,"106":0,"107":0,"108":0,"109":0,"110":0,"111":0,"112":0,"113":0,"114":0,"115":0,"116":0,"117":0,"118":0,"119":0,"120":0,"121":0,"122":0,"123":0,"124":0,"125":0,"126":0,"127":0,"128":0,"129":0,"130":0,"131":0,"132":0,"133":0,"134":0,"135":0,"136":0,"137":0,"138":0,"139":0,"140":0,"141":0,"142":0,"143":0,"144":0,"145":0,"146":1,"147":1},"f":{"0":1,"1":1,"2":1,"3":15,"4":0,"5":0,"6":0,"7":1,"8":1,"9":0,"10":0,"11":0,"12":0,"13":0,"14":0,"15":0,"16":0,"17":0,"18":0,"19":0,"20":0,"21":0,"22":0,"23":0,"24":0,"25":0,"26":0,"27":0,"28":0,"29":0,"30":0,"31":0,"32":0,"33":0,"34":0,"35":0,"36":0,"37":0,"38":0,"39":0,"40":0,"41":0,"42":0,"43":0,"44":0},"b":{"0":[18,18],"1":[18,0],"2":[1,0],"3":[0,1],"4":[12,3],"5":[15,15],"6":[0,0],"7":[0,0],"8":[0,0],"9":[0,0],"10":[0,0,0],"11":[0,1],"12":[1,0],"13":[1,1],"14":[1,0],"15":[1,0],"16":[0,0],"17":[0,0],"18":[0,0]},"_coverageSchema":"332fd63041d2c1bcb487cc26dd0d5f7d97098a6c","hash":"d2944d2d981504b3df512faf3820440d25ab5b93","contentHash":"4fc9d752bf44e09efe16fd7e1d39ad2f_11.4.1"},"/Users/gracenjoki/projects/shoppinglistReact/components/shoppinglists/shoppinglistedit.js":{"path":"/Users/gracenjoki/projects/shoppinglistReact/components/shoppinglists/shoppinglistedit.js","statementMap":{"0":{"start":{"line":3,"column":0},"end":{"line":5,"column":3}},"1":{"start":{"line":7,"column":13},"end":{"line":7,"column":29}},"2":{"start":{"line":9,"column":14},"end":{"line":9,"column":44}},"3":{"start":{"line":11,"column":14},"end":{"line":11,"column":43}},"4":{"start":{"line":13,"column":15},"end":{"line":13,"column":46}},"5":{"start":{"line":15,"column":18},"end":{"line":15,"column":51}},"6":{"start":{"line":17,"column":19},"end":{"line":17,"column":54}},"7":{"start":{"line":19,"column":17},"end":{"line":19,"column":49}},"8":{"start":{"line":21,"column":18},"end":{"line":21,"column":52}},"9":{"start":{"line":23,"column":15},"end":{"line":23,"column":39}},"10":{"start":{"line":25,"column":39},"end":{"line":25,"column":93}},"11":{"start":{"line":28,"column":23},"end":{"line":53,"column":1}},"12":{"start":{"line":29,"column":4},"end":{"line":52,"column":6}},"13":{"start":{"line":55,"column":0},"end":{"line":55,"column":35}}},"fnMap":{"0":{"name":"_interopRequireDefault","decl":{"start":{"line":25,"column":9},"end":{"line":25,"column":31}},"loc":{"start":{"line":25,"column":37},"end":{"line":25,"column":95}},"line":25},"1":{"name":"EditShoppinglist","decl":{"start":{"line":28,"column":32},"end":{"line":28,"column":48}},"loc":{"start":{"line":28,"column":56},"end":{"line":53,"column":1}},"line":28}},"branchMap":{"0":{"loc":{"start":{"line":25,"column":46},"end":{"line":25,"column":92}},"type":"cond-expr","locations":[{"start":{"line":25,"column":70},"end":{"line":25,"column":73}},{"start":{"line":25,"column":76},"end":{"line":25,"column":92}}],"line":25},"1":{"loc":{"start":{"line":25,"column":46},"end":{"line":25,"column":67}},"type":"binary-expr","locations":[{"start":{"line":25,"column":46},"end":{"line":25,"column":49}},{"start":{"line":25,"column":53},"end":{"line":25,"column":67}}],"line":25}},"s":{"0":1,"1":1,"2":1,"3":1,"4":1,"5":1,"6":1,"7":1,"8":1,"9":1,"10":4,"11":1,"12":3,"13":1},"f":{"0":4,"1":3},"b":{"0":[3,1],"1":[4,4]},"_coverageSchema":"332fd63041d2c1bcb487cc26dd0d5f7d97098a6c","hash":"2959ffaf3166cceb7a7138c8bd8469cadfb6b533","contentHash":"048383fce9c3b750277a2fdbbbbc59f1_11.4.1"},"/Users/gracenjoki/projects/shoppinglistReact/components/shoppinglists/shoppinglistadd.js":{"path":"/Users/gracenjoki/projects/shoppinglistReact/components/shoppinglists/shoppinglistadd.js","statementMap":{"0":{"start":{"line":3,"column":0},"end":{"line":5,"column":3}},"1":{"start":{"line":7,"column":13},"end":{"line":7,"column":29}},"2":{"start":{"line":9,"column":14},"end":{"line":9,"column":44}},"3":{"start":{"line":11,"column":14},"end":{"line":11,"column":43}},"4":{"start":{"line":13,"column":15},"end":{"line":13,"column":46}},"5":{"start":{"line":15,"column":18},"end":{"line":15,"column":51}},"6":{"start":{"line":17,"column":19},"end":{"line":17,"column":54}},"7":{"start":{"line":19,"column":17},"end":{"line":19,"column":49}},"8":{"start":{"line":21,"column":18},"end":{"line":21,"column":52}},"9":{"start":{"line":23,"column":15},"end":{"line":23,"column":39}},"10":{"start":{"line":25,"column":39},"end":{"line":25,"column":93}},"11":{"start":{"line":28,"column":22},"end":{"line":51,"column":1}},"12":{"start":{"line":29,"column":2},"end":{"line":50,"column":4}},"13":{"start":{"line":53,"column":0},"end":{"line":53,"column":34}}},"fnMap":{"0":{"name":"_interopRequireDefault","decl":{"start":{"line":25,"column":9},"end":{"line":25,"column":31}},"loc":{"start":{"line":25,"column":37},"end":{"line":25,"column":95}},"line":25},"1":{"name":"AddShoppinglist","decl":{"start":{"line":28,"column":31},"end":{"line":28,"column":46}},"loc":{"start":{"line":28,"column":54},"end":{"line":51,"column":1}},"line":28}},"branchMap":{"0":{"loc":{"start":{"line":25,"column":46},"end":{"line":25,"column":92}},"type":"cond-expr","locations":[{"start":{"line":25,"column":70},"end":{"line":25,"column":73}},{"start":{"line":25,"column":76},"end":{"line":25,"column":92}}],"line":25},"1":{"loc":{"start":{"line":25,"column":46},"end":{"line":25,"column":67}},"type":"binary-expr","locations":[{"start":{"line":25,"column":46},"end":{"line":25,"column":49}},{"start":{"line":25,"column":53},"end":{"line":25,"column":67}}],"line":25}},"s":{"0":1,"1":1,"2":1,"3":1,"4":1,"5":1,"6":1,"7":1,"8":1,"9":1,"10":4,"11":1,"12":3,"13":1},"f":{"0":4,"1":3},"b":{"0":[3,1],"1":[4,4]},"_coverageSchema":"332fd63041d2c1bcb487cc26dd0d5f7d97098a6c","hash":"dc5e0b58b9de33d1a32e3fc1575f3a05421f890d","contentHash":"3bbdf5bd28463bbc71b2795592daed25_11.4.1"},"/Users/gracenjoki/projects/shoppinglistReact/components/misc/pagination.js":{"path":"/Users/gracenjoki/projects/shoppinglistReact/components/misc/pagination.js","statementMap":{"0":{"start":{"line":3,"column":0},"end":{"line":5,"column":3}},"1":{"start":{"line":7,"column":13},"end":{"line":7,"column":29}},"2":{"start":{"line":9,"column":14},"end":{"line":9,"column":44}},"3":{"start":{"line":11,"column":18},"end":{"line":11,"column":51}},"4":{"start":{"line":13,"column":19},"end":{"line":13,"column":54}},"5":{"start":{"line":15,"column":15},"end":{"line":15,"column":39}},"6":{"start":{"line":17,"column":39},"end":{"line":17,"column":93}},"7":{"start":{"line":19,"column":17},"end":{"line":42,"column":1}},"8":{"start":{"line":20,"column":4},"end":{"line":41,"column":6}},"9":{"start":{"line":29,"column":16},"end":{"line":29,"column":62}},"10":{"start":{"line":38,"column":16},"end":{"line":38,"column":62}},"11":{"start":{"line":44,"column":0},"end":{"line":44,"column":29}}},"fnMap":{"0":{"name":"_interopRequireDefault","decl":{"start":{"line":17,"column":9},"end":{"line":17,"column":31}},"loc":{"start":{"line":17,"column":37},"end":{"line":17,"column":95}},"line":17},"1":{"name":"Pagination","decl":{"start":{"line":19,"column":26},"end":{"line":19,"column":36}},"loc":{"start":{"line":19,"column":44},"end":{"line":42,"column":1}},"line":19},"2":{"name":"onClick","decl":{"start":{"line":28,"column":30},"end":{"line":28,"column":37}},"loc":{"start":{"line":28,"column":40},"end":{"line":30,"column":13}},"line":28},"3":{"name":"onClick","decl":{"start":{"line":37,"column":30},"end":{"line":37,"column":37}},"loc":{"start":{"line":37,"column":40},"end":{"line":39,"column":13}},"line":37}},"branchMap":{"0":{"loc":{"start":{"line":17,"column":46},"end":{"line":17,"column":92}},"type":"cond-expr","locations":[{"start":{"line":17,"column":70},"end":{"line":17,"column":73}},{"start":{"line":17,"column":76},"end":{"line":17,"column":92}}],"line":17},"1":{"loc":{"start":{"line":17,"column":46},"end":{"line":17,"column":67}},"type":"binary-expr","locations":[{"start":{"line":17,"column":46},"end":{"line":17,"column":49}},{"start":{"line":17,"column":53},"end":{"line":17,"column":67}}],"line":17},"2":{"loc":{"start":{"line":24,"column":19},"end":{"line":24,"column":96}},"type":"cond-expr","locations":[{"start":{"line":24,"column":47},"end":{"line":24,"column":69}},{"start":{"line":24,"column":72},"end":{"line":24,"column":96}}],"line":24},"3":{"loc":{"start":{"line":33,"column":19},"end":{"line":33,"column":96}},"type":"cond-expr","locations":[{"start":{"line":33,"column":47},"end":{"line":33,"column":69}},{"start":{"line":33,"column":72},"end":{"line":33,"column":96}}],"line":33}},"s":{"0":1,"1":1,"2":1,"3":1,"4":1,"5":1,"6":2,"7":1,"8":2,"9":0,"10":0,"11":1},"f":{"0":2,"1":2,"2":0,"3":0},"b":{"0":[1,1],"1":[2,2],"2":[0,2],"3":[0,2]},"_coverageSchema":"332fd63041d2c1bcb487cc26dd0d5f7d97098a6c","hash":"9260a62ed4b6027117bdd8d19b6012c48b24e1ab","contentHash":"a98c3e1d10a5bf67a2a7b6bce851899f_11.4.1"},"/Users/gracenjoki/projects/shoppinglistReact/components/misc/searchdisplay.js":{"path":"/Users/gracenjoki/projects/shoppinglistReact/components/misc/searchdisplay.js","statementMap":{"0":{"start":{"line":3,"column":0},"end":{"line":5,"column":3}},"1":{"start":{"line":6,"column":0},"end":{"line":6,"column":62}},"2":{"start":{"line":8,"column":13},"end":{"line":8,"column":29}},"3":{"start":{"line":10,"column":14},"end":{"line":10,"column":44}},"4":{"start":{"line":12,"column":16},"end":{"line":12,"column":47}},"5":{"start":{"line":14,"column":20},"end":{"line":14,"column":55}},"6":{"start":{"line":16,"column":21},"end":{"line":16,"column":58}},"7":{"start":{"line":18,"column":16},"end":{"line":18,"column":47}},"8":{"start":{"line":20,"column":17},"end":{"line":20,"column":50}},"9":{"start":{"line":22,"column":14},"end":{"line":22,"column":31}},"10":{"start":{"line":24,"column":15},"end":{"line":24,"column":46}},"11":{"start":{"line":26,"column":18},"end":{"line":26,"column":51}},"12":{"start":{"line":28,"column":19},"end":{"line":28,"column":54}},"13":{"start":{"line":30,"column":13},"end":{"line":30,"column":41}},"14":{"start":{"line":32,"column":39},"end":{"line":32,"column":93}},"15":{"start":{"line":35,"column":20},"end":{"line":87,"column":1}},"16":{"start":{"line":36,"column":27},"end":{"line":36,"column":37}},"17":{"start":{"line":37,"column":4},"end":{"line":86,"column":6}},"18":{"start":{"line":48,"column":16},"end":{"line":83,"column":18}},"19":{"start":{"line":65,"column":36},"end":{"line":65,"column":85}},"20":{"start":{"line":71,"column":36},"end":{"line":71,"column":76}},"21":{"start":{"line":77,"column":36},"end":{"line":77,"column":73}},"22":{"start":{"line":90,"column":24},"end":{"line":167,"column":1}},"23":{"start":{"line":91,"column":27},"end":{"line":91,"column":37}},"24":{"start":{"line":92,"column":4},"end":{"line":166,"column":6}},"25":{"start":{"line":121,"column":20},"end":{"line":162,"column":22}},"26":{"start":{"line":145,"column":36},"end":{"line":145,"column":111}},"27":{"start":{"line":157,"column":36},"end":{"line":157,"column":80}}},"fnMap":{"0":{"name":"_interopRequireDefault","decl":{"start":{"line":32,"column":9},"end":{"line":32,"column":31}},"loc":{"start":{"line":32,"column":37},"end":{"line":32,"column":95}},"line":32},"1":{"name":"SearchDisplay","decl":{"start":{"line":35,"column":53},"end":{"line":35,"column":66}},"loc":{"start":{"line":35,"column":74},"end":{"line":87,"column":1}},"line":35},"2":{"name":"(anonymous_2)","decl":{"start":{"line":47,"column":51},"end":{"line":47,"column":52}},"loc":{"start":{"line":47,"column":67},"end":{"line":84,"column":13}},"line":47},"3":{"name":"onClick","decl":{"start":{"line":64,"column":50},"end":{"line":64,"column":57}},"loc":{"start":{"line":64,"column":60},"end":{"line":66,"column":33}},"line":64},"4":{"name":"onClick","decl":{"start":{"line":70,"column":50},"end":{"line":70,"column":57}},"loc":{"start":{"line":70,"column":60},"end":{"line":72,"column":33}},"line":70},"5":{"name":"onClick","decl":{"start":{"line":76,"column":50},"end":{"line":76,"column":57}},"loc":{"start":{"line":76,"column":60},"end":{"line":78,"column":33}},"line":76},"6":{"name":"SearchDisplayItem","decl":{"start":{"line":90,"column":61},"end":{"line":90,"column":78}},"loc":{"start":{"line":90,"column":86},"end":{"line":167,"column":1}},"line":90},"7":{"name":"(anonymous_7)","decl":{"start":{"line":120,"column":55},"end":{"line":120,"column":56}},"loc":{"start":{"line":120,"column":71},"end":{"line":163,"column":17}},"line":120},"8":{"name":"onClick","decl":{"start":{"line":144,"column":50},"end":{"line":144,"column":57}},"loc":{"start":{"line":144,"column":60},"end":{"line":146,"column":33}},"line":144},"9":{"name":"onClick","decl":{"start":{"line":156,"column":50},"end":{"line":156,"column":57}},"loc":{"start":{"line":156,"column":60},"end":{"line":158,"column":33}},"line":156}},"branchMap":{"0":{"loc":{"start":{"line":32,"column":46},"end":{"line":32,"column":92}},"type":"cond-expr","locations":[{"start":{"line":32,"column":70},"end":{"line":32,"column":73}},{"start":{"line":32,"column":76},"end":{"line":32,"column":92}}],"line":32},"1":{"loc":{"start":{"line":32,"column":46},"end":{"line":32,"column":67}},"type":"binary-expr","locations":[{"start":{"line":32,"column":46},"end":{"line":32,"column":49}},{"start":{"line":32,"column":53},"end":{"line":32,"column":67}}],"line":32}},"s":{"0":1,"1":1,"2":1,"3":1,"4":1,"5":1,"6":1,"7":1,"8":1,"9":1,"10":1,"11":1,"12":1,"13":1,"14":5,"15":1,"16":0,"17":0,"18":0,"19":0,"20":0,"21":0,"22":1,"23":0,"24":0,"25":0,"26":0,"27":0},"f":{"0":5,"1":0,"2":0,"3":0,"4":0,"5":0,"6":0,"7":0,"8":0,"9":0},"b":{"0":[3,2],"1":[5,5]},"_coverageSchema":"332fd63041d2c1bcb487cc26dd0d5f7d97098a6c","hash":"23e8c46aad3940fa9ac51db048ae98ba647976aa","contentHash":"69d7b6f21ee34299b16c033a0d13e415_11.4.1"},"/Users/gracenjoki/projects/shoppinglistReact/components/auth/logout.js":{"path":"/Users/gracenjoki/projects/shoppinglistReact/components/auth/logout.js","statementMap":{"0":{"start":{"line":3,"column":0},"end":{"line":5,"column":3}},"1":{"start":{"line":7,"column":19},"end":{"line":7,"column":563}},"2":{"start":{"line":7,"column":76},"end":{"line":7,"column":347}},"3":{"start":{"line":7,"column":134},"end":{"line":7,"column":142}},"4":{"start":{"line":7,"column":144},"end":{"line":7,"column":199}},"5":{"start":{"line":7,"column":200},"end":{"line":7,"column":231}},"6":{"start":{"line":7,"column":232},"end":{"line":7,"column":286}},"7":{"start":{"line":7,"column":259},"end":{"line":7,"column":286}},"8":{"start":{"line":7,"column":287},"end":{"line":7,"column":345}},"9":{"start":{"line":7,"column":350},"end":{"line":7,"column":559}},"10":{"start":{"line":7,"column":407},"end":{"line":7,"column":475}},"11":{"start":{"line":7,"column":423},"end":{"line":7,"column":475}},"12":{"start":{"line":7,"column":476},"end":{"line":7,"column":536}},"13":{"start":{"line":7,"column":493},"end":{"line":7,"column":536}},"14":{"start":{"line":7,"column":537},"end":{"line":7,"column":556}},"15":{"start":{"line":9,"column":13},"end":{"line":9,"column":29}},"16":{"start":{"line":11,"column":14},"end":{"line":11,"column":44}},"17":{"start":{"line":13,"column":22},"end":{"line":13,"column":49}},"18":{"start":{"line":15,"column":15},"end":{"line":15,"column":39}},"19":{"start":{"line":17,"column":39},"end":{"line":17,"column":93}},"20":{"start":{"line":19,"column":50},"end":{"line":19,"column":151}},"21":{"start":{"line":19,"column":92},"end":{"line":19,"column":149}},"22":{"start":{"line":21,"column":50},"end":{"line":21,"column":151}},"23":{"start":{"line":21,"column":63},"end":{"line":21,"column":149}},"24":{"start":{"line":21,"column":152},"end":{"line":21,"column":238}},"25":{"start":{"line":23,"column":43},"end":{"line":23,"column":208}},"26":{"start":{"line":23,"column":106},"end":{"line":23,"column":206}},"27":{"start":{"line":23,"column":209},"end":{"line":23,"column":373}},"28":{"start":{"line":23,"column":374},"end":{"line":23,"column":492}},"29":{"start":{"line":23,"column":390},"end":{"line":23,"column":492}},"30":{"start":{"line":25,"column":13},"end":{"line":77,"column":28}},"31":{"start":{"line":26,"column":1},"end":{"line":26,"column":37}},"32":{"start":{"line":29,"column":2},"end":{"line":29,"column":32}},"33":{"start":{"line":31,"column":14},"end":{"line":31,"column":117}},"34":{"start":{"line":33,"column":2},"end":{"line":33,"column":54}},"35":{"start":{"line":34,"column":2},"end":{"line":34,"column":15}},"36":{"start":{"line":40,"column":1},"end":{"line":74,"column":5}},"37":{"start":{"line":43,"column":3},"end":{"line":43,"column":36}},"38":{"start":{"line":48,"column":16},"end":{"line":48,"column":20}},"39":{"start":{"line":50,"column":3},"end":{"line":72,"column":5}},"40":{"start":{"line":64,"column":7},"end":{"line":64,"column":36}},"41":{"start":{"line":76,"column":1},"end":{"line":76,"column":15}},"42":{"start":
[...]
shoppinglistReact/components/auth/passwordreset.js","statementMap":{"0":{"start":{"line":3,"column":0},"end":{"line":5,"column":3}},"1":{"start":{"line":7,"column":19},"end":{"line":7,"column":563}},"2":{"start":{"line":7,"column":76},"end":{"line":7,"column":347}},"3":{"start":{"line":7,"column":134},"end":{"line":7,"column":142}},"4":{"start":{"line":7,"column":144},"end":{"line":7,"column":199}},"5":{"start":{"line":7,"column":200},"end":{"line":7,"column":231}},"6":{"start":{"line":7,"column":232},"end":{"line":7,"column":286}},"7":{"start":{"line":7,"column":259},"end":{"line":7,"column":286}},"8":{"start":{"line":7,"column":287},"end":{"line":7,"column":345}},"9":{"start":{"line":7,"column":350},"end":{"line":7,"column":559}},"10":{"start":{"line":7,"column":407},"end":{"line":7,"column":475}},"11":{"start":{"line":7,"column":423},"end":{"line":7,"column":475}},"12":{"start":{"line":7,"column":476},"end":{"line":7,"column":536}},"13":{"start":{"line":7,"column":493},"end":{"line":7,"column":536}},"14":{"start":{"line":7,"column":537},"end":{"line":7,"column":556}},"15":{"start":{"line":9,"column":13},"end":{"line":9,"column":29}},"16":{"start":{"line":11,"column":14},"end":{"line":11,"column":44}},"17":{"start":{"line":13,"column":18},"end":{"line":13,"column":51}},"18":{"start":{"line":15,"column":19},"end":{"line":15,"column":54}},"19":{"start":{"line":17,"column":17},"end":{"line":17,"column":49}},"20":{"start":{"line":19,"column":18},"end":{"line":19,"column":52}},"21":{"start":{"line":21,"column":18},"end":{"line":21,"column":40}},"22":{"start":{"line":23,"column":19},"end":{"line":23,"column":54}},"23":{"start":{"line":25,"column":12},"end":{"line":25,"column":39}},"24":{"start":{"line":27,"column":14},"end":{"line":27,"column":43}},"25":{"start":{"line":29,"column":15},"end":{"line":29,"column":46}},"26":{"start":{"line":31,"column":15},"end":{"line":31,"column":45}},"27":{"start":{"line":33,"column":13},"end":{"line":33,"column":29}},"28":{"start":{"line":35,"column":14},"end":{"line":35,"column":44}},"29":{"start":{"line":37,"column":22},"end":{"line":37,"column":49}},"30":{"start":{"line":39,"column":15},"end":{"line":39,"column":39}},"31":{"start":{"line":41,"column":39},"end":{"line":41,"column":93}},"32":{"start":{"line":43,"column":44},"end":{"line":43,"column":195}},"33":{"start":{"line":43,"column":62},"end":{"line":43,"column":166}},"34":{"start":{"line":43,"column":176},"end":{"line":43,"column":193}},"35":{"start":{"line":43,"column":196},"end":{"line":43,"column":207}},"36":{"start":{"line":45,"column":50},"end":{"line":45,"column":151}},"37":{"start":{"line":45,"column":92},"end":{"line":45,"column":149}},"38":{"start":{"line":47,"column":50},"end":{"line":47,"column":151}},"39":{"start":{"line":47,"column":63},"end":{"line":47,"column":149}},"40":{"start":{"line":47,"column":152},"end":{"line":47,"column":238}},"41":{"start":{"line":49,"column":43},"end":{"line":49,"column":208}},"42":{"start":{"line":49,"column":106},"end":{"line":49,"column":206}},"43":{"start":{"line":49,"column":209},"end":{"line":49,"column":373}},"44":{"start":{"line":49,"column":374},"end":{"line":49,"column":492}},"45":{"start":{"line":49,"column":390},"end":{"line":49,"column":492}},"46":{"start":{"line":51,"column":12},"end":{"line":185,"column":28}},"47":{"start":{"line":52,"column":2},"end":{"line":52,"column":37}},"48":{"start":{"line":55,"column":4},"end":{"line":55,"column":33}},"49":{"start":{"line":57,"column":16},"end":{"line":57,"column":117}},"50":{"start":{"line":59,"column":4},"end":{"line":63,"column":6}},"51":{"start":{"line":65,"column":4},"end":{"line":65,"column":56}},"52":{"start":{"line":66,"column":4},"end":{"line":66,"column":56}},"53":{"start":{"line":67,"column":4},"end":{"line":67,"column":50}},"54":{"start":{"line":68,"column":4},"end":{"line":68,"column":17}},"55":{"start":{"line":74,"column":2},"end":{"line":182,"column":6}},"56":{"start":{"line":77,"column":6},"end":{"line":77,"column":80}},"57":{"start":{"line":85,"column":6},"end":{"line":87,"column":9}},"58":{"start":{"line":95,"column":19},"end":{"line":95,"column":23}},"59":{"start":{"line":97,"column":6},"end":{"line":110,"column":9}},"60":{"start":{"line":105,"column":8},"end":{"line":107,"column":11}},"61":{"start":{"line":109,"column":8},"end":{"line":109,"column":54}},"62":{"start":{"line":115,"column":19},"end":{"line":115,"column":23}},"63":{"start":{"line":117,"column":6},"end":{"line":119,"column":7}},"64":{"start":{"line":118,"column":8},"end":{"line":118,"column":84}},"65":{"start":{"line":120,"column":6},"end":{"line":180,"column":8}},"66":{"start":{"line":125,"column":12},"end":{"line":125,"column":34}},"67":{"start":{"line":184,"column":2},"end":{"line":184,"column":15}},"68":{"start":{"line":187,"column":0},"end":{"line":187,"column":24}}},"fnMap":{"0":{"name":"(anonymous_0)","decl":{"start":{"line":7,"column":19},"end":{"line":7,"column":20}},"loc":{"start":{"line":7,"column":31},"end":{"line":7,"column":561}},"line":7},"1":{"name":"defineProperties","decl":{"start":{"line":7,"column":42},"end":{"line":7,"column":58}},"loc":{"start":{"line":7,"column":74},"end":{"line":7,"column":349}},"line":7},"2":{"name":"(anonymous_2)","decl":{"start":{"line":7,"column":357},"end":{"line":7,"column":358}},"loc":{"start":{"line":7,"column":405},"end":{"line":7,"column":558}},"line":7},"3":{"name":"_interopRequireDefault","decl":{"start":{"line":41,"column":9},"end":{"line":41,"column":31}},"loc":{"start":{"line":41,"column":37},"end":{"line":41,"column":95}},"line":41},"4":{"name":"_defineProperty","decl":{"start":{"line":43,"column":9},"end":{"line":43,"column":24}},"loc":{"start":{"line":43,"column":42},"end":{"line":43,"column":209}},"line":43},"5":{"name":"_classCallCheck","decl":{"start":{"line":45,"column":9},"end":{"line":45,"column":24}},"loc":{"start":{"line":45,"column":48},"end":{"line":45,"column":153}},"line":45},"6":{"name":"_possibleConstructorReturn","decl":{"start":{"line":47,"column":9},"end":{"line":47,"column":35}},"loc":{"start":{"line":47,"column":48},"end":{"line":47,"column":240}},"line":47},"7":{"name":"_inherits","decl":{"start":{"line":49,"column":9},"end":{"line":49,"column":18}},"loc":{"start":{"line":49,"column":41},"end":{"line":49,"column":494}},"line":49},"8":{"name":"(anonymous_8)","decl":{"start":{"line":51,"column":12},"end":{"line":51,"column":13}},"loc":{"start":{"line":51,"column":40},"end":{"line":185,"column":1}},"line":51},"9":{"name":"Reset","decl":{"start":{"line":54,"column":11},"end":{"line":54,"column":16}},"loc":{"start":{"line":54,"column":24},"end":{"line":69,"column":3}},"line":54},"10":{"name":"handleChange","decl":{"start":{"line":76,"column":20},"end":{"line":76,"column":32}},"loc":{"start":{"line":76,"column":40},"end":{"line":78,"column":5}},"line":76},"11":{"name":"showAlert","decl":{"start":{"line":84,"column":20},"end":{"line":84,"column":29}},"loc":{"start":{"line":84,"column":32},"end":{"line":88,"column":5}},"line":84},"12":{"name":"handleSubmit","decl":{"start":{"line":94,"column":20},"end":{"line":94,"column":32}},"loc":{"start":{"line":94,"column":40},"end":{"line":111,"column":5}},"line":94},"13":{"name":"(anonymous_13)","decl":{"start":{"line":104,"column":14},"end":{"line":104,"column":15}},"loc":{"start":{"line":104,"column":34},"end":{"line":108,"column":7}},"line":104},"14":{"name":"(anonymous_14)","decl":{"start":{"line":108,"column":15},"end":{"line":108,"column":16}},"loc":{"start":{"line":108,"column":32},"end":{"line":110,"column":7}},"line":108},"15":{"name":"render","decl":{"start":{"line":114,"column":20},"end":{"line":114,"column":26}},"loc":{"start":{"line":114,"column":29},"end":{"line":181,"column":5}},"line":114},"16":{"name":"ref","decl":{"start":{"line":124,"column":76},"end":{"line":124,"column":79}},"loc":{"start":{"line":124,"column":83},"end":{"line":126,"column":11}},"line":124}},"branchMap":{"0":{"loc":{"start":{"line":7,"column":168},"end":{"line":7,"column":198}},"type":"binary-expr","locations":[{"start":{"line":7,"column":168},"end":{"line":7,"column":189}},{"start":{"line":7,"column":193},"end":{"line":7,"column":198}}],"line":7},"1":{"loc":{"start":{"line":7,"column":232},"end":{"line":7,"column":286}},"type":"if","locations":[{"start":{"line":7,"column":232},"end":{"line":7,"column":286}},{"start":{"line":7,"column":232},"end":{"line":7,"column":286}}],"line":7},"2":{"loc":{"start":{"line":7,"column":407},"end":{"line":7,"column":475}},"type":"if","locations":[{"start":{"line":7,"column":407},"end":{"line":7,"column":475}},{"start":{"line":7,"column":407},"end":{"line":7,"column":475}}],"line":7},"3":{"loc":{"start":{"line":7,"column":476},"end":{"line":7,"column":536}},"type":"if","locations":[{"start":{"line":7,"column":476},"end":{"line":7,"column":536}},{"start":{"line":7,"column":476},"end":{"line":7,"column":536}}],"line":7},"4":{"loc":{"start":{"line":41,"column":46},"end":{"line":41,"column":92}},"type":"cond-expr","locations":[{"start":{"line":41,"column":70},"end":{"line":41,"column":73}},{"start":{"line":41,"column":76},"end":{"line":41,"column":92}}],"line":41},"5":{"loc":{"start":{"line":41,"column":46},"end":{"line":41,"column":67}},"type":"binary-expr","locations":[{"start":{"line":41,"column":46},"end":{"line":41,"column":49}},{"start":{"line":41,"column":53},"end":{"line":41,"column":67}}],"line":41},"6":{"loc":{"start":{"line":43,"column":44},"end":{"line":43,"column":195}},"type":"if","locations":[{"start":{"line":43,"column":44},"end":{"line":43,"column":195}},{"start":{"line":43,"column":44},"end":{"line":43,"column":195}}],"line":43},"7":{"loc":{"start":{"line":45,"column":50},"end":{"line":45,"column":151}},"type":"if","locations":[{"start":{"line":45,"column":50},"end":{"line":45,"column":151}},{"start":{"line":45,"column":50},"end":{"line":45,"column":151}}],"line":45},"8":{"loc":{"start":{"line":47,"column":50},"end":{"line":47,"column":151}},"type":"if","locations":[{"start":{"line":47,"column":50},"end":{"line":47,"column":151}},{"start":{"line":47,"column":50},"end":{"line":47,"column":151}}],"line":47},"9":{"loc":{"start":{"line":47,"column":159},"end":{"line":47,"column":237}},"type":"cond-expr","locations":[{"start":{"line":47,"column":226},"end":{"line":47,"column":230}},{"start":{"line":47,"column":233},"end":{"line":47,"column":237}}],"line":47},"10":{"loc":{"start":{"line":47,"column":159},"end":{"line":47,"column":223}},"type":"binary-expr","locations":[{"start":{"line":47,"column":159},"end":{"line":47,"column":163}},{"start":{"line":47,"column":168},"end":{"line":47,"column":192}},{"start":{"line":47,"column":196},"end":{"line":47,"column":222}}],"line":47},"11":{"loc":{"start":{"line":49,"column":43},"end":{"line":49,"column":208}},"type":"if","locations":[{"start":{"line":49,"column":43},"end":{"line":49,"column":208}},{"start":{"line":49,"column":43},"end":{"line":49,"column":208}}],"line":49},"12":{"loc":{"start":{"line":49,"column":47},"end":{"line":49,"column":102}},"type":"binary-expr","locations":[{"start":{"line":49,"column":47},"end":{"line":49,"column":79}},{"start":{"line":49,"column":83},"end":{"line":49,"column":102}}],"line":49},"13":{"loc":{"start":{"line":49,"column":244},"end":{"line":49,"column":278}},"type":"binary-expr","locations":[{"start":{"line":49,"column":244},"end":{"line":49,"column":254}},{"start":{"line":49,"column":258},"end":{"line":49,"column":278}}],"line":49},"14":{"loc":{"start":{"line":49,"column":374},"end":{"line":49,"column":492}},"type":"if","locations":[{"start":{"line":49,"column":374},"end":{"line":49,"column":492}},{"start":{"line":49,"column":374},"end":{"line":49,"column":492}}],"line":49},"15":{"loc":{"start":{"line":49,"column":390},"end":{"line":49,"column":491}},"type":"cond-expr","locations":[{"start":{"line":49,"column":414},"end":{"line":49,"column":457}},{"start":{"line":49,"column":460},"end":{"line":49,"column":491}}],"line":49},"16":{"loc":{"start":{"line":57,"column":50},"end":{"line":57,"column":97}},"type":"binary-expr","locations":[{"start":{"line":57,"column":50},"end":{"line":57,"column":65}},{"start":{"line":57,"column":69},"end":{"line":57,"column":97}}],"line":57},"17":{"loc":{"start":{"line":117,"column":6},"end":{"line":119,"column":7}},"type":"if","locations":[{"start":{"line":117,"column":6},"end":{"line":119,"column":7}},{"start":{"line":117,"column":6},"end":{"line":119,"column":7}}],"line":117}},"s":{"0":1,"1":1,"2":1,"3":4,"4":4,"5":4,"6":4,"7":4,"8":4,"9":1,"10":1,"11":1,"12":1,"13":0,"14":1,"15":1,"16":1,"17":1,"18":1,"19":1,"20":1,"21":1,"22":1,"23":1,"24":1,"25":1,"26":1,"27":1,"28":1,"29":1,"30":1,"31":6,"32":0,"33":0,"34":0,"35":0,"36":4,"37":0,"38":4,"39":0,"40":4,"41":1,"42":0,"43":1,"44":1,"45":1,"46":1,"47":1,"48":4,"49":4,"50":4,"51":4,"52":4,"53":4,"54":4,"55":1,"56":0,"57":0,"58":0,"59":0,"60":0,"61":0,"62":4,"63":4,"64":0,"65":4,"66":0,"67":1,"68":1},"f":{"0":1,"1":1,"2":1,"3":6,"4":0,"5":4,"6":4,"7":1,"8":1,"9":4,"10":0,"11":0,"12":0,"13":0,"14":0,"15":4,"16":0},"b":{"0":[4,4],"1":[4,0],"2":[1,0],"3":[0,1],"4":[4,2],"5":[6,6],"6":[0,0],"7":[0,4],"8":[0,4],"9":[0,4],"10":[4,0,0],"11":[0,1],"12":[1,0],"13":[1,1],"14":[1,0],"15":[1,0],"16":[4,0],"17":[0,4]},"_coverageSchema":"332fd63041d2c1bcb487cc26dd0d5f7d97098a6c","hash":"0aefb30a41ada49da2557720375fb2da72e1757a","contentHash":"d35a146cbfba5cd08c897e8712a96a2d_11.4.1"},"/Users/gracenjoki/projects/shoppinglistReact/components/misc/notfound.js":{"path":"/Users/gracenjoki/projects/shoppinglistReact/components/misc/notfound.js","statementMap":{"0":{"start":{"line":3,"column":0},"end":{"line":5,"column":3}},"1":{"start":{"line":7,"column":13},"end":{"line":7,"column":29}},"2":{"start":{"line":9,"column":14},"end":{"line":9,"column":44}},"3":{"start":{"line":11,"column":22},"end":{"line":11,"column":49}},"4":{"start":{"line":13,"column":15},"end":{"line":13,"column":39}},"5":{"start":{"line":15,"column":39},"end":{"line":15,"column":93}},"6":{"start":{"line":18,"column":15},"end":{"line":39,"column":1}},"7":{"start":{"line":19,"column":4},"end":{"line":38,"column":6}},"8":{"start":{"line":41,"column":0},"end":{"line":41,"column":27}}},"fnMap":{"0":{"name":"_interopRequireDefault","decl":{"start":{"line":15,"column":9},"end":{"line":15,"column":31}},"loc":{"start":{"line":15,"column":37},"end":{"line":15,"column":95}},"line":15},"1":{"name":"NotFound","decl":{"start":{"line":18,"column":24},"end":{"line":18,"column":32}},"loc":{"start":{"line":18,"column":35},"end":{"line":39,"column":1}},"line":18}},"branchMap":{"0":{"loc":{"start":{"line":15,"column":46},"end":{"line":15,"column":92}},"type":"cond-expr","locations":[{"start":{"line":15,"column":70},"end":{"line":15,"column":73}},{"start":{"line":15,"column":76},"end":{"line":15,"column":92}}],"line":15},"1":{"loc":{"start":{"line":15,"column":46},"end":{"line":15,"column":67}},"type":"binary-expr","locations":[{"start":{"line":15,"column":46},"end":{"line":15,"column":49}},{"start":{"line":15,"column":53},"end":{"line":15,"column":67}}],"line":15}},"s":{"0":1,"1":1,"2":1,"3":1,"4":1,"5":1,"6":1,"7":2,"8":1},"f":{"0":1,"1":2},"b":{"0":[0,1],"1":[1,1]},"_coverageSchema":"332fd63041d2c1bcb487cc26dd0d5f7d97098a6c","hash":"13484ef30224553174d2811b802868e81f234e21","contentHash":"5a180b1f7494e5389f6b303181f6f177_11.4.1"},"/Users/gracenjoki/projects/shoppinglistReact/components/shoppingitems/shoppingitemadd.js":{"path":"/Users/gracenjoki/projects/shoppinglistReact/components/shoppingitems/shoppingitemadd.js","statementMap":{"0":{"start":{"line":3,"column":0},"end":{"line":5,"column":3}},"1":{"start":{"line":7,"column":13},"end":{"line":7,"column":29}},"2":{"start":{"line":9,"column":14},"end":{"line":9,"column":44}},"3":{"start":{"line":11,"column":14},"end":{"line":11,"column":43}},"4":{"start":{"line":13,"column":15},"end":{"line":13,"column":46}},"5":{"start":{"line":15,"column":18},"end":{"line":15,"column":51}},"6":{"start":{"line":17,"column":19},"end":{"line":17,"column":54}},"7":{"start":{"line":19,"column":17},"end":{"line":19,"column":49}},"8":{"start":{"line":21,"column":18},"end":{"line":21,"column":52}},"9":{"start":{"line":23,"column":15},"end":{"line":23,"column":39}},"10":{"start":{"line":25,"column":39},"end":{"line":25,"column":93}},"11":{"start":{"line":28,"column":14},"end":{"line":61,"column":1}},"12":{"start":{"line":29,"column":4},"end":{"line":60,"column":6}},"13":{"start":{"line":63,"column":0},"end":{"line":63,"column":26}}},"fnMap":{"0":{"name":"_interopRequireDefault","decl":{"start":{"line":25,"column":9},"end":{"line":25,"column":31}},"loc":{"start":{"line":25,"column":37},"end":{"line":25,"column":95}},"line":25},"1":{"name":"AddItem","decl":{"start":{"line":28,"column":23},"end":{"line":28,"column":30}},"loc":{"start":{"line":28,"column":38},"end":{"line":61,"column":1}},"line":28}},"branchMap":{"0":{"loc":{"start":{"line":25,"column":46},"end":{"line":25,"column":92}},"type":"cond-expr","locations":[{"start":{"line":25,"column":70},"end":{"line":25,"column":73}},{"start":{"line":25,"column":76},"end":{"line":25,"column":92}}],"line":25},"1":{"loc":{"start":{"line":25,"column":46},"end":{"line":25,"column":67}},"type":"binary-expr","locations":[{"start":{"line":25,"column":46},"end":{"line":25,"column":49}},{"start":{"line":25,"column":53},"end":{"line":25,"column":67}}],"line":25}},"s":{"0":1,"1":1,"2":1,"3":1,"4":1,"5":1,"6":1,"7":1,"8":1,"9":1,"10":4,"11":1,"12":3,"13":1},"f":{"0":4,"1":3},"b":{"0":[3,1],"1":[4,4]},"_coverageSchema":"332fd63041d2c1bcb487cc26dd0d5f7d97098a6c","hash":"68be357ffe36ae1b8300094c55bde9acda7d4abb","contentHash":"7559221baa6c640389f48c4e18a682f0_11.4.1"},"/Users/gracenjoki/projects/shoppinglistReact/components/shoppingitems/shoppingitemedit.js":{"path":"/Users/gracenjoki/projects/shoppinglistReact/components/shoppingitems/shoppingitemedit.js","statementMap":{"0":{"start":{"line":3,"column":0},"end":{"line":5,"column":3}},"1":{"start":{"line":7,"column":13},"end":{"line":7,"column":29}},"2":{"start":{"line":9,"column":14},"end":{"line":9,"column":44}},"3":{"start":{"line":11,"column":14},"end":{"line":11,"column":43}},"4":{"start":{"line":13,"column":15},"end":{"line":13,"column":46}},"5":{"start":{"line":15,"column":18},"end":{"line":15,"column":51}},"6":{"start":{"line":17,"column":19},"end":{"line":17,"column":54}},"7":{"start":{"line":19,"column":17},"end":{"line":19,"column":49}},"8":{"start":{"line":21,"column":18},"end":{"line":21,"column":52}},"9":{"start":{"line":23,"column":15},"end":{"line":23,"column":39}},"10":{"start":{"line":25,"column":39},"end":{"line":25,"column":93}},"11":{"start":{"line":28,"column":17},"end":{"line":61,"column":1}},"12":{"start":{"line":29,"column":4},"end":{"line":60,"column":6}},"13":{"start":{"line":63,"column":0},"end":{"line":63,"column":29}}},"fnMap":{"0":{"name":"_interopRequireDefault","decl":{"start":{"line":25,"column":9},"end":{"line":25,"column":31}},"loc":{"start":{"line":25,"column":37},"end":{"line":25,"column":95}},"line":25},"1":{"name":"UpdateItem","decl":{"start":{"line":28,"column":26},"end":{"line":28,"column":36}},"loc":{"start":{"line":28,"column":44},"end":{"line":61,"column":1}},"line":28}},"branchMap":{"0":{"loc":{"start":{"line":25,"column":46},"end":{"line":25,"column":92}},"type":"cond-expr","locations":[{"start":{"line":25,"column":70},"end":{"line":25,"column":73}},{"start":{"line":25,"column":76},"end":{"line":25,"column":92}}],"line":25},"1":{"loc":{"start":{"line":25,"column":46},"end":{"line":25,"column":67}},"type":"binary-expr","locations":[{"start":{"line":25,"column":46},"end":{"line":25,"column":49}},{"start":{"line":25,"column":53},"end":{"line":25,"column":67}}],"line":25}},"s":{"0":1,"1":1,"2":1,"3":1,"4":1,"5":1,"6":1,"7":1,"8":1,"9":1,"10":4,"11":1,"12":3,"13":1},"f":{"0":4,"1":3},"b":{"0":[3,1],"1":[4,4]},"_coverageSchema":"332fd63041d2c1bcb487cc26dd0d5f7d97098a6c","hash":"6f3d3ae9296474734d73c4c0d15eef89d4e5f411","contentHash":"541bea3e693e6ba3200b6958735d7d87_11.4.1"}}